   1               		.file	"action_layer.c"
   2               	__SP_H__ = 0x3e
   3               	__SP_L__ = 0x3d
   4               	__SREG__ = 0x3f
   5               	__tmp_reg__ = 0
   6               	__zero_reg__ = 1
   7               		.text
   8               	.Ltext0:
   9               		.cfi_sections	.debug_frame
  10               		.section	.text.default_layer_debug,"ax",@progbits
  11               	.global	default_layer_debug
  13               	default_layer_debug:
  14               	.LFB32:
  15               		.cfi_startproc
  16               	/* prologue: function */
  17               	/* frame size = 0 */
  18               	/* stack size = 0 */
  19               	.L__stack_usage = 0
  20 0000 0895      		ret
  21               		.cfi_endproc
  22               	.LFE32:
  24               		.section	.text.layer_state_set_user,"ax",@progbits
  25               		.weak	layer_state_set_user
  27               	layer_state_set_user:
  28               	.LFB12:
  29               		.file 1 "tmk_core/common/action_layer.c"
   1:tmk_core/common/action_layer.c **** #include <stdint.h>
   2:tmk_core/common/action_layer.c **** #include "keyboard.h"
   3:tmk_core/common/action_layer.c **** #include "action.h"
   4:tmk_core/common/action_layer.c **** #include "util.h"
   5:tmk_core/common/action_layer.c **** #include "action_layer.h"
   6:tmk_core/common/action_layer.c **** 
   7:tmk_core/common/action_layer.c **** #ifdef DEBUG_ACTION
   8:tmk_core/common/action_layer.c **** #    include "debug.h"
   9:tmk_core/common/action_layer.c **** #else
  10:tmk_core/common/action_layer.c **** #    include "nodebug.h"
  11:tmk_core/common/action_layer.c **** #endif
  12:tmk_core/common/action_layer.c **** 
  13:tmk_core/common/action_layer.c **** /** \brief Default Layer State
  14:tmk_core/common/action_layer.c ****  */
  15:tmk_core/common/action_layer.c **** layer_state_t default_layer_state = 0;
  16:tmk_core/common/action_layer.c **** 
  17:tmk_core/common/action_layer.c **** /** \brief Default Layer State Set At user Level
  18:tmk_core/common/action_layer.c ****  *
  19:tmk_core/common/action_layer.c ****  * Run user code on default layer state change
  20:tmk_core/common/action_layer.c ****  */
  21:tmk_core/common/action_layer.c **** __attribute__((weak)) layer_state_t default_layer_state_set_user(layer_state_t state) { return stat
  22:tmk_core/common/action_layer.c **** 
  23:tmk_core/common/action_layer.c **** /** \brief Default Layer State Set At Keyboard Level
  24:tmk_core/common/action_layer.c ****  *
  25:tmk_core/common/action_layer.c ****  *  Run keyboard code on default layer state change
  26:tmk_core/common/action_layer.c ****  */
  27:tmk_core/common/action_layer.c **** __attribute__((weak)) layer_state_t default_layer_state_set_kb(layer_state_t state) { return defaul
  28:tmk_core/common/action_layer.c **** 
  29:tmk_core/common/action_layer.c **** /** \brief Default Layer State Set
  30:tmk_core/common/action_layer.c ****  *
  31:tmk_core/common/action_layer.c ****  * Static function to set the default layer state, prints debug info and clears keys
  32:tmk_core/common/action_layer.c ****  */
  33:tmk_core/common/action_layer.c **** static void default_layer_state_set(layer_state_t state) {
  34:tmk_core/common/action_layer.c ****     state = default_layer_state_set_kb(state);
  35:tmk_core/common/action_layer.c ****     debug("default_layer_state: ");
  36:tmk_core/common/action_layer.c ****     default_layer_debug();
  37:tmk_core/common/action_layer.c ****     debug(" to ");
  38:tmk_core/common/action_layer.c ****     default_layer_state = state;
  39:tmk_core/common/action_layer.c ****     default_layer_debug();
  40:tmk_core/common/action_layer.c ****     debug("\n");
  41:tmk_core/common/action_layer.c **** #ifdef STRICT_LAYER_RELEASE
  42:tmk_core/common/action_layer.c ****     clear_keyboard_but_mods();  // To avoid stuck keys
  43:tmk_core/common/action_layer.c **** #else
  44:tmk_core/common/action_layer.c ****     clear_keyboard_but_mods_and_keys();  // Don't reset held keys
  45:tmk_core/common/action_layer.c **** #endif
  46:tmk_core/common/action_layer.c **** }
  47:tmk_core/common/action_layer.c **** 
  48:tmk_core/common/action_layer.c **** /** \brief Default Layer Print
  49:tmk_core/common/action_layer.c ****  *
  50:tmk_core/common/action_layer.c ****  * Print out the hex value of the 32-bit default layer state, as well as the value of the highest b
  51:tmk_core/common/action_layer.c ****  */
  52:tmk_core/common/action_layer.c **** void default_layer_debug(void) { dprintf("%08lX(%u)", default_layer_state, get_highest_layer(defaul
  53:tmk_core/common/action_layer.c **** 
  54:tmk_core/common/action_layer.c **** /** \brief Default Layer Set
  55:tmk_core/common/action_layer.c ****  *
  56:tmk_core/common/action_layer.c ****  * Sets the default layer state.
  57:tmk_core/common/action_layer.c ****  */
  58:tmk_core/common/action_layer.c **** void default_layer_set(layer_state_t state) { default_layer_state_set(state); }
  59:tmk_core/common/action_layer.c **** 
  60:tmk_core/common/action_layer.c **** #ifndef NO_ACTION_LAYER
  61:tmk_core/common/action_layer.c **** /** \brief Default Layer Or
  62:tmk_core/common/action_layer.c ****  *
  63:tmk_core/common/action_layer.c ****  * Turns on the default layer based on matching bits between specifed layer and existing layer stat
  64:tmk_core/common/action_layer.c ****  */
  65:tmk_core/common/action_layer.c **** void default_layer_or(layer_state_t state) { default_layer_state_set(default_layer_state | state); 
  66:tmk_core/common/action_layer.c **** /** \brief Default Layer And
  67:tmk_core/common/action_layer.c ****  *
  68:tmk_core/common/action_layer.c ****  * Turns on default layer based on matching enabled bits between specifed layer and existing layer 
  69:tmk_core/common/action_layer.c ****  */
  70:tmk_core/common/action_layer.c **** void default_layer_and(layer_state_t state) { default_layer_state_set(default_layer_state & state);
  71:tmk_core/common/action_layer.c **** /** \brief Default Layer Xor
  72:tmk_core/common/action_layer.c ****  *
  73:tmk_core/common/action_layer.c ****  * Turns on default layer based on non-matching bits between specifed layer and existing layer stat
  74:tmk_core/common/action_layer.c ****  */
  75:tmk_core/common/action_layer.c **** void default_layer_xor(layer_state_t state) { default_layer_state_set(default_layer_state ^ state);
  76:tmk_core/common/action_layer.c **** #endif
  77:tmk_core/common/action_layer.c **** 
  78:tmk_core/common/action_layer.c **** #ifndef NO_ACTION_LAYER
  79:tmk_core/common/action_layer.c **** /** \brief Keymap Layer State
  80:tmk_core/common/action_layer.c ****  */
  81:tmk_core/common/action_layer.c **** layer_state_t layer_state = 0;
  82:tmk_core/common/action_layer.c **** 
  83:tmk_core/common/action_layer.c **** /** \brief Layer state set user
  84:tmk_core/common/action_layer.c ****  *
  85:tmk_core/common/action_layer.c ****  * Runs user code on layer state change
  86:tmk_core/common/action_layer.c ****  */
  87:tmk_core/common/action_layer.c **** __attribute__((weak)) layer_state_t layer_state_set_user(layer_state_t state) { return state; }
  30               		.loc 1 87 0
  31               		.cfi_startproc
  32               	.LVL0:
  33               	/* prologue: function */
  34               	/* frame size = 0 */
  35               	/* stack size = 0 */
  36               	.L__stack_usage = 0
  37               		.loc 1 87 0
  38 0000 0895      		ret
  39               		.cfi_endproc
  40               	.LFE12:
  42               		.set	layer_state_set_user.localalias.0,layer_state_set_user
  43               		.section	.text.default_layer_state_set_user,"ax",@progbits
  44               		.weak	default_layer_state_set_user
  46               	default_layer_state_set_user:
  47               	.LFB34:
  48               		.cfi_startproc
  49               	/* prologue: function */
  50               	/* frame size = 0 */
  51               	/* stack size = 0 */
  52               	.L__stack_usage = 0
  53 0000 0C94 0000 		jmp layer_state_set_user.localalias.0
  54               		.cfi_endproc
  55               	.LFE34:
  57               		.section	.text.default_layer_state_set_kb,"ax",@progbits
  58               		.weak	default_layer_state_set_kb
  60               	default_layer_state_set_kb:
  61               	.LFB5:
  27:tmk_core/common/action_layer.c **** 
  62               		.loc 1 27 0
  63               		.cfi_startproc
  64               	.LVL1:
  65               	/* prologue: function */
  66               	/* frame size = 0 */
  67               	/* stack size = 0 */
  68               	.L__stack_usage = 0
  27:tmk_core/common/action_layer.c **** 
  69               		.loc 1 27 0
  70 0000 0C94 0000 		jmp default_layer_state_set_user
  71               	.LVL2:
  72               		.cfi_endproc
  73               	.LFE5:
  75               		.section	.text.default_layer_state_set,"ax",@progbits
  77               	default_layer_state_set:
  78               	.LFB6:
  33:tmk_core/common/action_layer.c ****     state = default_layer_state_set_kb(state);
  79               		.loc 1 33 0
  80               		.cfi_startproc
  81               	.LVL3:
  82               	/* prologue: function */
  83               	/* frame size = 0 */
  84               	/* stack size = 0 */
  85               	.L__stack_usage = 0
  34:tmk_core/common/action_layer.c ****     debug("default_layer_state: ");
  86               		.loc 1 34 0
  87 0000 0E94 0000 		call default_layer_state_set_kb
  88               	.LVL4:
  38:tmk_core/common/action_layer.c ****     default_layer_debug();
  89               		.loc 1 38 0
  90 0004 6093 0000 		sts default_layer_state,r22
  91 0008 7093 0000 		sts default_layer_state+1,r23
  92 000c 8093 0000 		sts default_layer_state+2,r24
  93 0010 9093 0000 		sts default_layer_state+3,r25
  44:tmk_core/common/action_layer.c **** #endif
  94               		.loc 1 44 0
  95 0014 0C94 0000 		jmp clear_keyboard_but_mods_and_keys
  96               	.LVL5:
  97               		.cfi_endproc
  98               	.LFE6:
 100               		.section	.text.default_layer_set,"ax",@progbits
 101               	.global	default_layer_set
 103               	default_layer_set:
 104               	.LFB8:
  58:tmk_core/common/action_layer.c **** 
 105               		.loc 1 58 0
 106               		.cfi_startproc
 107               	.LVL6:
 108               	/* prologue: function */
 109               	/* frame size = 0 */
 110               	/* stack size = 0 */
 111               	.L__stack_usage = 0
  58:tmk_core/common/action_layer.c **** 
 112               		.loc 1 58 0
 113 0000 0C94 0000 		jmp default_layer_state_set
 114               	.LVL7:
 115               		.cfi_endproc
 116               	.LFE8:
 118               		.section	.text.default_layer_or,"ax",@progbits
 119               	.global	default_layer_or
 121               	default_layer_or:
 122               	.LFB9:
  65:tmk_core/common/action_layer.c **** /** \brief Default Layer And
 123               		.loc 1 65 0
 124               		.cfi_startproc
 125               	.LVL8:
 126 0000 0F93      		push r16
 127               	.LCFI0:
 128               		.cfi_def_cfa_offset 3
 129               		.cfi_offset 16, -2
 130 0002 1F93      		push r17
 131               	.LCFI1:
 132               		.cfi_def_cfa_offset 4
 133               		.cfi_offset 17, -3
 134               	/* prologue: function */
 135               	/* frame size = 0 */
 136               	/* stack size = 2 */
 137               	.L__stack_usage = 2
  65:tmk_core/common/action_layer.c **** /** \brief Default Layer And
 138               		.loc 1 65 0
 139 0004 0091 0000 		lds r16,default_layer_state
 140 0008 1091 0000 		lds r17,default_layer_state+1
 141 000c 2091 0000 		lds r18,default_layer_state+2
 142 0010 3091 0000 		lds r19,default_layer_state+3
 143 0014 602B      		or r22,r16
 144 0016 712B      		or r23,r17
 145 0018 822B      		or r24,r18
 146 001a 932B      		or r25,r19
 147               	.LVL9:
 148               	/* epilogue start */
 149 001c 1F91      		pop r17
 150 001e 0F91      		pop r16
 151 0020 0C94 0000 		jmp default_layer_state_set
 152               	.LVL10:
 153               		.cfi_endproc
 154               	.LFE9:
 156               		.section	.text.default_layer_and,"ax",@progbits
 157               	.global	default_layer_and
 159               	default_layer_and:
 160               	.LFB10:
  70:tmk_core/common/action_layer.c **** /** \brief Default Layer Xor
 161               		.loc 1 70 0
 162               		.cfi_startproc
 163               	.LVL11:
 164 0000 0F93      		push r16
 165               	.LCFI2:
 166               		.cfi_def_cfa_offset 3
 167               		.cfi_offset 16, -2
 168 0002 1F93      		push r17
 169               	.LCFI3:
 170               		.cfi_def_cfa_offset 4
 171               		.cfi_offset 17, -3
 172               	/* prologue: function */
 173               	/* frame size = 0 */
 174               	/* stack size = 2 */
 175               	.L__stack_usage = 2
  70:tmk_core/common/action_layer.c **** /** \brief Default Layer Xor
 176               		.loc 1 70 0
 177 0004 0091 0000 		lds r16,default_layer_state
 178 0008 1091 0000 		lds r17,default_layer_state+1
 179 000c 2091 0000 		lds r18,default_layer_state+2
 180 0010 3091 0000 		lds r19,default_layer_state+3
 181 0014 6023      		and r22,r16
 182 0016 7123      		and r23,r17
 183 0018 8223      		and r24,r18
 184 001a 9323      		and r25,r19
 185               	.LVL12:
 186               	/* epilogue start */
 187 001c 1F91      		pop r17
 188 001e 0F91      		pop r16
 189 0020 0C94 0000 		jmp default_layer_state_set
 190               	.LVL13:
 191               		.cfi_endproc
 192               	.LFE10:
 194               		.section	.text.default_layer_xor,"ax",@progbits
 195               	.global	default_layer_xor
 197               	default_layer_xor:
 198               	.LFB11:
  75:tmk_core/common/action_layer.c **** #endif
 199               		.loc 1 75 0
 200               		.cfi_startproc
 201               	.LVL14:
 202 0000 0F93      		push r16
 203               	.LCFI4:
 204               		.cfi_def_cfa_offset 3
 205               		.cfi_offset 16, -2
 206 0002 1F93      		push r17
 207               	.LCFI5:
 208               		.cfi_def_cfa_offset 4
 209               		.cfi_offset 17, -3
 210               	/* prologue: function */
 211               	/* frame size = 0 */
 212               	/* stack size = 2 */
 213               	.L__stack_usage = 2
  75:tmk_core/common/action_layer.c **** #endif
 214               		.loc 1 75 0
 215 0004 0091 0000 		lds r16,default_layer_state
 216 0008 1091 0000 		lds r17,default_layer_state+1
 217 000c 2091 0000 		lds r18,default_layer_state+2
 218 0010 3091 0000 		lds r19,default_layer_state+3
 219 0014 6027      		eor r22,r16
 220 0016 7127      		eor r23,r17
 221 0018 8227      		eor r24,r18
 222 001a 9327      		eor r25,r19
 223               	.LVL15:
 224               	/* epilogue start */
 225 001c 1F91      		pop r17
 226 001e 0F91      		pop r16
 227 0020 0C94 0000 		jmp default_layer_state_set
 228               	.LVL16:
 229               		.cfi_endproc
 230               	.LFE11:
 232               		.section	.text.layer_state_set_kb,"ax",@progbits
 233               		.weak	layer_state_set_kb
 235               	layer_state_set_kb:
 236               	.LFB13:
  88:tmk_core/common/action_layer.c **** 
  89:tmk_core/common/action_layer.c **** /** \brief Layer state set keyboard
  90:tmk_core/common/action_layer.c ****  *
  91:tmk_core/common/action_layer.c ****  * Runs keyboard code on layer state change
  92:tmk_core/common/action_layer.c ****  */
  93:tmk_core/common/action_layer.c **** __attribute__((weak)) layer_state_t layer_state_set_kb(layer_state_t state) { return layer_state_se
 237               		.loc 1 93 0
 238               		.cfi_startproc
 239               	.LVL17:
 240               	/* prologue: function */
 241               	/* frame size = 0 */
 242               	/* stack size = 0 */
 243               	.L__stack_usage = 0
 244               		.loc 1 93 0
 245 0000 0C94 0000 		jmp layer_state_set_user
 246               	.LVL18:
 247               		.cfi_endproc
 248               	.LFE13:
 250               		.section	.text.layer_state_set,"ax",@progbits
 251               	.global	layer_state_set
 253               	layer_state_set:
 254               	.LFB14:
  94:tmk_core/common/action_layer.c **** 
  95:tmk_core/common/action_layer.c **** /** \brief Layer state set
  96:tmk_core/common/action_layer.c ****  *
  97:tmk_core/common/action_layer.c ****  * Sets the layer to match the specifed state (a bitmask)
  98:tmk_core/common/action_layer.c ****  */
  99:tmk_core/common/action_layer.c **** void layer_state_set(layer_state_t state) {
 255               		.loc 1 99 0
 256               		.cfi_startproc
 257               	.LVL19:
 258               	/* prologue: function */
 259               	/* frame size = 0 */
 260               	/* stack size = 0 */
 261               	.L__stack_usage = 0
 100:tmk_core/common/action_layer.c ****     state = layer_state_set_kb(state);
 262               		.loc 1 100 0
 263 0000 0E94 0000 		call layer_state_set_kb
 264               	.LVL20:
 101:tmk_core/common/action_layer.c ****     dprint("layer_state: ");
 102:tmk_core/common/action_layer.c ****     layer_debug();
 103:tmk_core/common/action_layer.c ****     dprint(" to ");
 104:tmk_core/common/action_layer.c ****     layer_state = state;
 265               		.loc 1 104 0
 266 0004 6093 0000 		sts layer_state,r22
 267 0008 7093 0000 		sts layer_state+1,r23
 268 000c 8093 0000 		sts layer_state+2,r24
 269 0010 9093 0000 		sts layer_state+3,r25
 105:tmk_core/common/action_layer.c ****     layer_debug();
 106:tmk_core/common/action_layer.c ****     dprintln();
 107:tmk_core/common/action_layer.c **** #    ifdef STRICT_LAYER_RELEASE
 108:tmk_core/common/action_layer.c ****     clear_keyboard_but_mods();  // To avoid stuck keys
 109:tmk_core/common/action_layer.c **** #    else
 110:tmk_core/common/action_layer.c ****     clear_keyboard_but_mods_and_keys();  // Don't reset held keys
 270               		.loc 1 110 0
 271 0014 0C94 0000 		jmp clear_keyboard_but_mods_and_keys
 272               	.LVL21:
 273               		.cfi_endproc
 274               	.LFE14:
 276               		.section	.text.layer_clear,"ax",@progbits
 277               	.global	layer_clear
 279               	layer_clear:
 280               	.LFB15:
 111:tmk_core/common/action_layer.c **** #    endif
 112:tmk_core/common/action_layer.c **** }
 113:tmk_core/common/action_layer.c **** 
 114:tmk_core/common/action_layer.c **** /** \brief Layer clear
 115:tmk_core/common/action_layer.c ****  *
 116:tmk_core/common/action_layer.c ****  * Turn off all layers
 117:tmk_core/common/action_layer.c ****  */
 118:tmk_core/common/action_layer.c **** void layer_clear(void) { layer_state_set(0); }
 281               		.loc 1 118 0
 282               		.cfi_startproc
 283               	/* prologue: function */
 284               	/* frame size = 0 */
 285               	/* stack size = 0 */
 286               	.L__stack_usage = 0
 287               		.loc 1 118 0
 288 0000 60E0      		ldi r22,0
 289 0002 70E0      		ldi r23,0
 290 0004 CB01      		movw r24,r22
 291 0006 0C94 0000 		jmp layer_state_set
 292               	.LVL22:
 293               		.cfi_endproc
 294               	.LFE15:
 296               		.section	.text.layer_state_cmp,"ax",@progbits
 297               	.global	layer_state_cmp
 299               	layer_state_cmp:
 300               	.LFB17:
 119:tmk_core/common/action_layer.c **** 
 120:tmk_core/common/action_layer.c **** /** \brief Layer state is
 121:tmk_core/common/action_layer.c ****  *
 122:tmk_core/common/action_layer.c ****  * Return whether the given state is on (it might still be shadowed by a higher state, though)
 123:tmk_core/common/action_layer.c ****  */
 124:tmk_core/common/action_layer.c **** bool layer_state_is(uint8_t layer) { return layer_state_cmp(layer_state, layer); }
 125:tmk_core/common/action_layer.c **** 
 126:tmk_core/common/action_layer.c **** /** \brief Layer state compare
 127:tmk_core/common/action_layer.c ****  *
 128:tmk_core/common/action_layer.c ****  * Used for comparing layers {mostly used for unit testing}
 129:tmk_core/common/action_layer.c ****  */
 130:tmk_core/common/action_layer.c **** bool layer_state_cmp(layer_state_t cmp_layer_state, uint8_t layer) {
 301               		.loc 1 130 0
 302               		.cfi_startproc
 303               	.LVL23:
 304               	/* prologue: function */
 305               	/* frame size = 0 */
 306               	/* stack size = 0 */
 307               	.L__stack_usage = 0
 131:tmk_core/common/action_layer.c ****     if (!cmp_layer_state) {
 308               		.loc 1 131 0
 309 0000 6115      		cp r22,__zero_reg__
 310 0002 7105      		cpc r23,__zero_reg__
 311 0004 8105      		cpc r24,__zero_reg__
 312 0006 9105      		cpc r25,__zero_reg__
 313 0008 01F4      		brne .L14
 132:tmk_core/common/action_layer.c ****         return layer == 0;
 314               		.loc 1 132 0
 315 000a 81E0      		ldi r24,lo8(1)
 316 000c 4423      		tst r20
 317 000e 01F0      		breq .L16
 318 0010 80E0      		ldi r24,0
 319 0012 0895      		ret
 320               	.L14:
 133:tmk_core/common/action_layer.c ****     }
 134:tmk_core/common/action_layer.c ****     return (cmp_layer_state & (1UL << layer)) != 0;
 321               		.loc 1 134 0
 322 0014 DC01      		movw r26,r24
 323 0016 CB01      		movw r24,r22
 324 0018 00C0      		rjmp 2f
 325               		1:
 326 001a B695      		lsr r27
 327 001c A795      		ror r26
 328 001e 9795      		ror r25
 329 0020 8795      		ror r24
 330               		2:
 331 0022 4A95      		dec r20
 332 0024 02F4      		brpl 1b
 333 0026 8170      		andi r24,lo8(1)
 334               	.L16:
 135:tmk_core/common/action_layer.c **** }
 335               		.loc 1 135 0
 336 0028 0895      		ret
 337               		.cfi_endproc
 338               	.LFE17:
 340               		.section	.text.layer_state_is,"ax",@progbits
 341               	.global	layer_state_is
 343               	layer_state_is:
 344               	.LFB16:
 124:tmk_core/common/action_layer.c **** 
 345               		.loc 1 124 0
 346               		.cfi_startproc
 347               	.LVL24:
 348               	/* prologue: function */
 349               	/* frame size = 0 */
 350               	/* stack size = 0 */
 351               	.L__stack_usage = 0
 352 0000 482F      		mov r20,r24
 124:tmk_core/common/action_layer.c **** 
 353               		.loc 1 124 0
 354 0002 6091 0000 		lds r22,layer_state
 355 0006 7091 0000 		lds r23,layer_state+1
 356 000a 8091 0000 		lds r24,layer_state+2
 357 000e 9091 0000 		lds r25,layer_state+3
 358 0012 0C94 0000 		jmp layer_state_cmp
 359               	.LVL25:
 360               		.cfi_endproc
 361               	.LFE16:
 363               		.section	.text.layer_move,"ax",@progbits
 364               	.global	layer_move
 366               	layer_move:
 367               	.LFB18:
 136:tmk_core/common/action_layer.c **** 
 137:tmk_core/common/action_layer.c **** /** \brief Layer move
 138:tmk_core/common/action_layer.c ****  *
 139:tmk_core/common/action_layer.c ****  * Turns on the given layer and turn off all other layers
 140:tmk_core/common/action_layer.c ****  */
 141:tmk_core/common/action_layer.c **** void layer_move(uint8_t layer) { layer_state_set(1UL << layer); }
 368               		.loc 1 141 0
 369               		.cfi_startproc
 370               	.LVL26:
 371 0000 0F93      		push r16
 372               	.LCFI6:
 373               		.cfi_def_cfa_offset 3
 374               		.cfi_offset 16, -2
 375 0002 1F93      		push r17
 376               	.LCFI7:
 377               		.cfi_def_cfa_offset 4
 378               		.cfi_offset 17, -3
 379               	/* prologue: function */
 380               	/* frame size = 0 */
 381               	/* stack size = 2 */
 382               	.L__stack_usage = 2
 383               		.loc 1 141 0
 384 0004 41E0      		ldi r20,lo8(1)
 385 0006 50E0      		ldi r21,0
 386 0008 60E0      		ldi r22,0
 387 000a 70E0      		ldi r23,0
 388 000c 8A01      		movw r16,r20
 389 000e 9B01      		movw r18,r22
 390 0010 00C0      		rjmp 2f
 391               		1:
 392 0012 000F      		lsl r16
 393 0014 111F      		rol r17
 394 0016 221F      		rol r18
 395 0018 331F      		rol r19
 396               		2:
 397 001a 8A95      		dec r24
 398 001c 02F4      		brpl 1b
 399 001e C901      		movw r24,r18
 400 0020 B801      		movw r22,r16
 401               	/* epilogue start */
 402 0022 1F91      		pop r17
 403 0024 0F91      		pop r16
 404 0026 0C94 0000 		jmp layer_state_set
 405               	.LVL27:
 406               		.cfi_endproc
 407               	.LFE18:
 409               		.section	.text.layer_on,"ax",@progbits
 410               	.global	layer_on
 412               	layer_on:
 413               	.LFB19:
 142:tmk_core/common/action_layer.c **** 
 143:tmk_core/common/action_layer.c **** /** \brief Layer on
 144:tmk_core/common/action_layer.c ****  *
 145:tmk_core/common/action_layer.c ****  * Turns on given layer
 146:tmk_core/common/action_layer.c ****  */
 147:tmk_core/common/action_layer.c **** void layer_on(uint8_t layer) { layer_state_set(layer_state | (1UL << layer)); }
 414               		.loc 1 147 0
 415               		.cfi_startproc
 416               	.LVL28:
 417 0000 0F93      		push r16
 418               	.LCFI8:
 419               		.cfi_def_cfa_offset 3
 420               		.cfi_offset 16, -2
 421 0002 1F93      		push r17
 422               	.LCFI9:
 423               		.cfi_def_cfa_offset 4
 424               		.cfi_offset 17, -3
 425               	/* prologue: function */
 426               	/* frame size = 0 */
 427               	/* stack size = 2 */
 428               	.L__stack_usage = 2
 429               		.loc 1 147 0
 430 0004 41E0      		ldi r20,lo8(1)
 431 0006 50E0      		ldi r21,0
 432 0008 60E0      		ldi r22,0
 433 000a 70E0      		ldi r23,0
 434 000c 00C0      		rjmp 2f
 435               		1:
 436 000e 440F      		lsl r20
 437 0010 551F      		rol r21
 438 0012 661F      		rol r22
 439 0014 771F      		rol r23
 440               		2:
 441 0016 8A95      		dec r24
 442 0018 02F4      		brpl 1b
 443 001a 8091 0000 		lds r24,layer_state
 444 001e 9091 0000 		lds r25,layer_state+1
 445 0022 A091 0000 		lds r26,layer_state+2
 446 0026 B091 0000 		lds r27,layer_state+3
 447               	.LVL29:
 448 002a 8A01      		movw r16,r20
 449 002c 9B01      		movw r18,r22
 450 002e 082B      		or r16,r24
 451 0030 192B      		or r17,r25
 452 0032 2A2B      		or r18,r26
 453 0034 3B2B      		or r19,r27
 454 0036 C901      		movw r24,r18
 455 0038 B801      		movw r22,r16
 456               	/* epilogue start */
 457 003a 1F91      		pop r17
 458 003c 0F91      		pop r16
 459 003e 0C94 0000 		jmp layer_state_set
 460               	.LVL30:
 461               		.cfi_endproc
 462               	.LFE19:
 464               		.section	.text.layer_off,"ax",@progbits
 465               	.global	layer_off
 467               	layer_off:
 468               	.LFB20:
 148:tmk_core/common/action_layer.c **** 
 149:tmk_core/common/action_layer.c **** /** \brief Layer off
 150:tmk_core/common/action_layer.c ****  *
 151:tmk_core/common/action_layer.c ****  * Turns off given layer
 152:tmk_core/common/action_layer.c ****  */
 153:tmk_core/common/action_layer.c **** void layer_off(uint8_t layer) { layer_state_set(layer_state & ~(1UL << layer)); }
 469               		.loc 1 153 0
 470               		.cfi_startproc
 471               	.LVL31:
 472 0000 0F93      		push r16
 473               	.LCFI10:
 474               		.cfi_def_cfa_offset 3
 475               		.cfi_offset 16, -2
 476 0002 1F93      		push r17
 477               	.LCFI11:
 478               		.cfi_def_cfa_offset 4
 479               		.cfi_offset 17, -3
 480               	/* prologue: function */
 481               	/* frame size = 0 */
 482               	/* stack size = 2 */
 483               	.L__stack_usage = 2
 484               		.loc 1 153 0
 485 0004 41E0      		ldi r20,lo8(1)
 486 0006 50E0      		ldi r21,0
 487 0008 60E0      		ldi r22,0
 488 000a 70E0      		ldi r23,0
 489 000c 00C0      		rjmp 2f
 490               		1:
 491 000e 440F      		lsl r20
 492 0010 551F      		rol r21
 493 0012 661F      		rol r22
 494 0014 771F      		rol r23
 495               		2:
 496 0016 8A95      		dec r24
 497 0018 02F4      		brpl 1b
 498 001a 4095      		com r20
 499 001c 5095      		com r21
 500 001e 6095      		com r22
 501 0020 7095      		com r23
 502 0022 8091 0000 		lds r24,layer_state
 503 0026 9091 0000 		lds r25,layer_state+1
 504 002a A091 0000 		lds r26,layer_state+2
 505 002e B091 0000 		lds r27,layer_state+3
 506               	.LVL32:
 507 0032 8A01      		movw r16,r20
 508 0034 9B01      		movw r18,r22
 509 0036 0823      		and r16,r24
 510 0038 1923      		and r17,r25
 511 003a 2A23      		and r18,r26
 512 003c 3B23      		and r19,r27
 513 003e C901      		movw r24,r18
 514 0040 B801      		movw r22,r16
 515               	/* epilogue start */
 516 0042 1F91      		pop r17
 517 0044 0F91      		pop r16
 518 0046 0C94 0000 		jmp layer_state_set
 519               	.LVL33:
 520               		.cfi_endproc
 521               	.LFE20:
 523               		.section	.text.layer_invert,"ax",@progbits
 524               	.global	layer_invert
 526               	layer_invert:
 527               	.LFB21:
 154:tmk_core/common/action_layer.c **** 
 155:tmk_core/common/action_layer.c **** /** \brief Layer invert
 156:tmk_core/common/action_layer.c ****  *
 157:tmk_core/common/action_layer.c ****  * Toggle the given layer (set it if it's unset, or unset it if it's set)
 158:tmk_core/common/action_layer.c ****  */
 159:tmk_core/common/action_layer.c **** void layer_invert(uint8_t layer) { layer_state_set(layer_state ^ (1UL << layer)); }
 528               		.loc 1 159 0
 529               		.cfi_startproc
 530               	.LVL34:
 531 0000 0F93      		push r16
 532               	.LCFI12:
 533               		.cfi_def_cfa_offset 3
 534               		.cfi_offset 16, -2
 535 0002 1F93      		push r17
 536               	.LCFI13:
 537               		.cfi_def_cfa_offset 4
 538               		.cfi_offset 17, -3
 539               	/* prologue: function */
 540               	/* frame size = 0 */
 541               	/* stack size = 2 */
 542               	.L__stack_usage = 2
 543               		.loc 1 159 0
 544 0004 41E0      		ldi r20,lo8(1)
 545 0006 50E0      		ldi r21,0
 546 0008 60E0      		ldi r22,0
 547 000a 70E0      		ldi r23,0
 548 000c 00C0      		rjmp 2f
 549               		1:
 550 000e 440F      		lsl r20
 551 0010 551F      		rol r21
 552 0012 661F      		rol r22
 553 0014 771F      		rol r23
 554               		2:
 555 0016 8A95      		dec r24
 556 0018 02F4      		brpl 1b
 557 001a 8091 0000 		lds r24,layer_state
 558 001e 9091 0000 		lds r25,layer_state+1
 559 0022 A091 0000 		lds r26,layer_state+2
 560 0026 B091 0000 		lds r27,layer_state+3
 561               	.LVL35:
 562 002a 8A01      		movw r16,r20
 563 002c 9B01      		movw r18,r22
 564 002e 0827      		eor r16,r24
 565 0030 1927      		eor r17,r25
 566 0032 2A27      		eor r18,r26
 567 0034 3B27      		eor r19,r27
 568 0036 C901      		movw r24,r18
 569 0038 B801      		movw r22,r16
 570               	/* epilogue start */
 571 003a 1F91      		pop r17
 572 003c 0F91      		pop r16
 573 003e 0C94 0000 		jmp layer_state_set
 574               	.LVL36:
 575               		.cfi_endproc
 576               	.LFE21:
 578               		.section	.text.layer_or,"ax",@progbits
 579               	.global	layer_or
 581               	layer_or:
 582               	.LFB22:
 160:tmk_core/common/action_layer.c **** 
 161:tmk_core/common/action_layer.c **** /** \brief Layer or
 162:tmk_core/common/action_layer.c ****  *
 163:tmk_core/common/action_layer.c ****  * Turns on layers based on matching bits between specifed layer and existing layer state
 164:tmk_core/common/action_layer.c ****  */
 165:tmk_core/common/action_layer.c **** void layer_or(layer_state_t state) { layer_state_set(layer_state | state); }
 583               		.loc 1 165 0
 584               		.cfi_startproc
 585               	.LVL37:
 586 0000 0F93      		push r16
 587               	.LCFI14:
 588               		.cfi_def_cfa_offset 3
 589               		.cfi_offset 16, -2
 590 0002 1F93      		push r17
 591               	.LCFI15:
 592               		.cfi_def_cfa_offset 4
 593               		.cfi_offset 17, -3
 594               	/* prologue: function */
 595               	/* frame size = 0 */
 596               	/* stack size = 2 */
 597               	.L__stack_usage = 2
 598               		.loc 1 165 0
 599 0004 0091 0000 		lds r16,layer_state
 600 0008 1091 0000 		lds r17,layer_state+1
 601 000c 2091 0000 		lds r18,layer_state+2
 602 0010 3091 0000 		lds r19,layer_state+3
 603 0014 602B      		or r22,r16
 604 0016 712B      		or r23,r17
 605 0018 822B      		or r24,r18
 606 001a 932B      		or r25,r19
 607               	.LVL38:
 608               	/* epilogue start */
 609 001c 1F91      		pop r17
 610 001e 0F91      		pop r16
 611 0020 0C94 0000 		jmp layer_state_set
 612               	.LVL39:
 613               		.cfi_endproc
 614               	.LFE22:
 616               		.section	.text.layer_and,"ax",@progbits
 617               	.global	layer_and
 619               	layer_and:
 620               	.LFB23:
 166:tmk_core/common/action_layer.c **** /** \brief Layer and
 167:tmk_core/common/action_layer.c ****  *
 168:tmk_core/common/action_layer.c ****  * Turns on layers based on matching enabled bits between specifed layer and existing layer state
 169:tmk_core/common/action_layer.c ****  */
 170:tmk_core/common/action_layer.c **** void layer_and(layer_state_t state) { layer_state_set(layer_state & state); }
 621               		.loc 1 170 0
 622               		.cfi_startproc
 623               	.LVL40:
 624 0000 0F93      		push r16
 625               	.LCFI16:
 626               		.cfi_def_cfa_offset 3
 627               		.cfi_offset 16, -2
 628 0002 1F93      		push r17
 629               	.LCFI17:
 630               		.cfi_def_cfa_offset 4
 631               		.cfi_offset 17, -3
 632               	/* prologue: function */
 633               	/* frame size = 0 */
 634               	/* stack size = 2 */
 635               	.L__stack_usage = 2
 636               		.loc 1 170 0
 637 0004 0091 0000 		lds r16,layer_state
 638 0008 1091 0000 		lds r17,layer_state+1
 639 000c 2091 0000 		lds r18,layer_state+2
 640 0010 3091 0000 		lds r19,layer_state+3
 641 0014 6023      		and r22,r16
 642 0016 7123      		and r23,r17
 643 0018 8223      		and r24,r18
 644 001a 9323      		and r25,r19
 645               	.LVL41:
 646               	/* epilogue start */
 647 001c 1F91      		pop r17
 648 001e 0F91      		pop r16
 649 0020 0C94 0000 		jmp layer_state_set
 650               	.LVL42:
 651               		.cfi_endproc
 652               	.LFE23:
 654               		.section	.text.layer_xor,"ax",@progbits
 655               	.global	layer_xor
 657               	layer_xor:
 658               	.LFB24:
 171:tmk_core/common/action_layer.c **** /** \brief Layer xor
 172:tmk_core/common/action_layer.c ****  *
 173:tmk_core/common/action_layer.c ****  * Turns on layers based on non-matching bits between specifed layer and existing layer state
 174:tmk_core/common/action_layer.c ****  */
 175:tmk_core/common/action_layer.c **** void layer_xor(layer_state_t state) { layer_state_set(layer_state ^ state); }
 659               		.loc 1 175 0
 660               		.cfi_startproc
 661               	.LVL43:
 662 0000 0F93      		push r16
 663               	.LCFI18:
 664               		.cfi_def_cfa_offset 3
 665               		.cfi_offset 16, -2
 666 0002 1F93      		push r17
 667               	.LCFI19:
 668               		.cfi_def_cfa_offset 4
 669               		.cfi_offset 17, -3
 670               	/* prologue: function */
 671               	/* frame size = 0 */
 672               	/* stack size = 2 */
 673               	.L__stack_usage = 2
 674               		.loc 1 175 0
 675 0004 0091 0000 		lds r16,layer_state
 676 0008 1091 0000 		lds r17,layer_state+1
 677 000c 2091 0000 		lds r18,layer_state+2
 678 0010 3091 0000 		lds r19,layer_state+3
 679 0014 6027      		eor r22,r16
 680 0016 7127      		eor r23,r17
 681 0018 8227      		eor r24,r18
 682 001a 9327      		eor r25,r19
 683               	.LVL44:
 684               	/* epilogue start */
 685 001c 1F91      		pop r17
 686 001e 0F91      		pop r16
 687 0020 0C94 0000 		jmp layer_state_set
 688               	.LVL45:
 689               		.cfi_endproc
 690               	.LFE24:
 692               		.section	.text.layer_debug,"ax",@progbits
 693               	.global	layer_debug
 695               	layer_debug:
 696               	.LFB25:
 176:tmk_core/common/action_layer.c **** 
 177:tmk_core/common/action_layer.c **** /** \brief Layer debug printing
 178:tmk_core/common/action_layer.c ****  *
 179:tmk_core/common/action_layer.c ****  * Print out the hex value of the 32-bit layer state, as well as the value of the highest bit.
 180:tmk_core/common/action_layer.c ****  */
 181:tmk_core/common/action_layer.c **** void layer_debug(void) { dprintf("%08lX(%u)", layer_state, get_highest_layer(layer_state)); }
 697               		.loc 1 181 0
 698               		.cfi_startproc
 699               	/* prologue: function */
 700               	/* frame size = 0 */
 701               	/* stack size = 0 */
 702               	.L__stack_usage = 0
 703 0000 0895      		ret
 704               		.cfi_endproc
 705               	.LFE25:
 707               		.section	.text.update_source_layers_cache,"ax",@progbits
 708               	.global	update_source_layers_cache
 710               	update_source_layers_cache:
 711               	.LFB26:
 182:tmk_core/common/action_layer.c **** #endif
 183:tmk_core/common/action_layer.c **** 
 184:tmk_core/common/action_layer.c **** #if !defined(NO_ACTION_LAYER) && !defined(STRICT_LAYER_RELEASE)
 185:tmk_core/common/action_layer.c **** /** \brief source layer cache
 186:tmk_core/common/action_layer.c ****  */
 187:tmk_core/common/action_layer.c **** 
 188:tmk_core/common/action_layer.c **** uint8_t source_layers_cache[(MATRIX_ROWS * MATRIX_COLS + 7) / 8][MAX_LAYER_BITS] = {{0}};
 189:tmk_core/common/action_layer.c **** 
 190:tmk_core/common/action_layer.c **** /** \brief update source layers cache
 191:tmk_core/common/action_layer.c ****  *
 192:tmk_core/common/action_layer.c ****  * Updates the cached keys when changing layers
 193:tmk_core/common/action_layer.c ****  */
 194:tmk_core/common/action_layer.c **** void update_source_layers_cache(keypos_t key, uint8_t layer) {
 712               		.loc 1 194 0
 713               		.cfi_startproc
 714               	.LVL46:
 715               	/* prologue: function */
 716               	/* frame size = 0 */
 717               	/* stack size = 0 */
 718               	.L__stack_usage = 0
 195:tmk_core/common/action_layer.c ****     const uint8_t key_number  = key.col + (key.row * MATRIX_COLS);
 719               		.loc 1 195 0
 720 0000 292F      		mov r18,r25
 721 0002 220F      		lsl r18
 722 0004 920F      		add r25,r18
 723 0006 990F      		lsl r25
 724 0008 890F      		add r24,r25
 725               	.LVL47:
 196:tmk_core/common/action_layer.c ****     const uint8_t storage_row = key_number / 8;
 726               		.loc 1 196 0
 727 000a E82F      		mov r30,r24
 728 000c E695      		lsr r30
 729 000e E695      		lsr r30
 730 0010 E695      		lsr r30
 731               	.LVL48:
 732               	.LBB2:
 197:tmk_core/common/action_layer.c ****     const uint8_t storage_bit = key_number % 8;
 198:tmk_core/common/action_layer.c **** 
 199:tmk_core/common/action_layer.c ****     for (uint8_t bit_number = 0; bit_number < MAX_LAYER_BITS; bit_number++) {
 200:tmk_core/common/action_layer.c ****         source_layers_cache[storage_row][bit_number] ^= (-((layer & (1U << bit_number)) != 0) ^ sou
 733               		.loc 1 200 0
 734 0012 8770      		andi r24,lo8(7)
 735               	.LVL49:
 736 0014 51E0      		ldi r21,lo8(1)
 737 0016 00C0      		rjmp 2f
 738               		1:
 739 0018 550F      		lsl r21
 740               		2:
 741 001a 8A95      		dec r24
 742 001c 02F4      		brpl 1b
 743 001e 85E0      		ldi r24,lo8(5)
 744               	.LVL50:
 745 0020 E89F      		mul r30,r24
 746 0022 F001      		movw r30,r0
 747 0024 1124      		clr __zero_reg__
 748               	.LVL51:
 749 0026 E050      		subi r30,lo8(-(source_layers_cache))
 750 0028 F040      		sbci r31,hi8(-(source_layers_cache))
 751 002a 20E0      		ldi r18,0
 752 002c 30E0      		ldi r19,0
 753 002e 70E0      		ldi r23,0
 754               	.LVL52:
 755               	.L31:
 756               		.loc 1 200 0 is_stmt 0 discriminator 3
 757 0030 4081      		ld r20,Z
 758 0032 CB01      		movw r24,r22
 759 0034 022E      		mov r0,r18
 760 0036 00C0      		rjmp 2f
 761               		1:
 762 0038 9695      		lsr r25
 763 003a 8795      		ror r24
 764               		2:
 765 003c 0A94      		dec r0
 766 003e 02F4      		brpl 1b
 767 0040 8170      		andi r24,lo8(1)
 768 0042 8195      		neg r24
 769 0044 8427      		eor r24,r20
 770 0046 8523      		and r24,r21
 771 0048 8427      		eor r24,r20
 772 004a 8193      		st Z+,r24
 773               	.LVL53:
 774 004c 2F5F      		subi r18,-1
 775 004e 3F4F      		sbci r19,-1
 776               	.LVL54:
 199:tmk_core/common/action_layer.c ****         source_layers_cache[storage_row][bit_number] ^= (-((layer & (1U << bit_number)) != 0) ^ sou
 777               		.loc 1 199 0 is_stmt 1 discriminator 3
 778 0050 2530      		cpi r18,5
 779 0052 3105      		cpc r19,__zero_reg__
 780 0054 01F4      		brne .L31
 781               	/* epilogue start */
 782               	.LBE2:
 201:tmk_core/common/action_layer.c ****     }
 202:tmk_core/common/action_layer.c **** }
 783               		.loc 1 202 0
 784 0056 0895      		ret
 785               		.cfi_endproc
 786               	.LFE26:
 788               		.section	.text.read_source_layers_cache,"ax",@progbits
 789               	.global	read_source_layers_cache
 791               	read_source_layers_cache:
 792               	.LFB27:
 203:tmk_core/common/action_layer.c **** 
 204:tmk_core/common/action_layer.c **** /** \brief read source layers cache
 205:tmk_core/common/action_layer.c ****  *
 206:tmk_core/common/action_layer.c ****  * reads the cached keys stored when the layer was changed
 207:tmk_core/common/action_layer.c ****  */
 208:tmk_core/common/action_layer.c **** uint8_t read_source_layers_cache(keypos_t key) {
 793               		.loc 1 208 0
 794               		.cfi_startproc
 795               	.LVL55:
 796               	/* prologue: function */
 797               	/* frame size = 0 */
 798               	/* stack size = 0 */
 799               	.L__stack_usage = 0
 209:tmk_core/common/action_layer.c ****     const uint8_t key_number  = key.col + (key.row * MATRIX_COLS);
 800               		.loc 1 209 0
 801 0000 292F      		mov r18,r25
 802 0002 220F      		lsl r18
 803 0004 920F      		add r25,r18
 804 0006 990F      		lsl r25
 805 0008 890F      		add r24,r25
 806               	.LVL56:
 210:tmk_core/common/action_layer.c ****     const uint8_t storage_row = key_number / 8;
 807               		.loc 1 210 0
 808 000a 682F      		mov r22,r24
 809 000c 6695      		lsr r22
 810 000e 6695      		lsr r22
 811 0010 6695      		lsr r22
 812               	.LVL57:
 211:tmk_core/common/action_layer.c ****     const uint8_t storage_bit = key_number % 8;
 813               		.loc 1 211 0
 814 0012 982F      		mov r25,r24
 815 0014 9770      		andi r25,lo8(7)
 816               	.LVL58:
 817 0016 85E0      		ldi r24,lo8(5)
 818               	.LVL59:
 819 0018 689F      		mul r22,r24
 820 001a B001      		movw r22,r0
 821 001c 1124      		clr __zero_reg__
 822               	.LVL60:
 823 001e 40E0      		ldi r20,0
 824 0020 50E0      		ldi r21,0
 212:tmk_core/common/action_layer.c ****     uint8_t       layer       = 0;
 825               		.loc 1 212 0
 826 0022 80E0      		ldi r24,0
 827               	.LVL61:
 828               	.L34:
 829               	.LBB3:
 213:tmk_core/common/action_layer.c **** 
 214:tmk_core/common/action_layer.c ****     for (uint8_t bit_number = 0; bit_number < MAX_LAYER_BITS; bit_number++) {
 215:tmk_core/common/action_layer.c ****         layer |= ((source_layers_cache[storage_row][bit_number] & (1U << storage_bit)) != 0) << bit
 830               		.loc 1 215 0 discriminator 3
 831 0024 FB01      		movw r30,r22
 832 0026 E40F      		add r30,r20
 833 0028 F51F      		adc r31,r21
 834 002a E050      		subi r30,lo8(-(source_layers_cache))
 835 002c F040      		sbci r31,hi8(-(source_layers_cache))
 836 002e 2081      		ld r18,Z
 837 0030 30E0      		ldi r19,0
 838 0032 092E      		mov r0,r25
 839 0034 00C0      		rjmp 2f
 840               		1:
 841 0036 3695      		lsr r19
 842 0038 2795      		ror r18
 843               		2:
 844 003a 0A94      		dec r0
 845 003c 02F4      		brpl 1b
 846 003e 2170      		andi r18,1
 847 0040 3327      		clr r19
 848 0042 042E      		mov r0,r20
 849 0044 00C0      		rjmp 2f
 850               		1:
 851 0046 220F      		lsl r18
 852               		2:
 853 0048 0A94      		dec r0
 854 004a 02F4      		brpl 1b
 855 004c 822B      		or r24,r18
 856               	.LVL62:
 857 004e 4F5F      		subi r20,-1
 858 0050 5F4F      		sbci r21,-1
 859               	.LVL63:
 214:tmk_core/common/action_layer.c ****         layer |= ((source_layers_cache[storage_row][bit_number] & (1U << storage_bit)) != 0) << bit
 860               		.loc 1 214 0 discriminator 3
 861 0052 4530      		cpi r20,5
 862 0054 5105      		cpc r21,__zero_reg__
 863 0056 01F4      		brne .L34
 864               	/* epilogue start */
 865               	.LBE3:
 216:tmk_core/common/action_layer.c ****     }
 217:tmk_core/common/action_layer.c **** 
 218:tmk_core/common/action_layer.c ****     return layer;
 219:tmk_core/common/action_layer.c **** }
 866               		.loc 1 219 0
 867 0058 0895      		ret
 868               		.cfi_endproc
 869               	.LFE27:
 871               		.section	.text.layer_switch_get_layer,"ax",@progbits
 872               	.global	layer_switch_get_layer
 874               	layer_switch_get_layer:
 875               	.LFB29:
 220:tmk_core/common/action_layer.c **** #endif
 221:tmk_core/common/action_layer.c **** 
 222:tmk_core/common/action_layer.c **** /** \brief Store or get action (FIXME: Needs better summary)
 223:tmk_core/common/action_layer.c ****  *
 224:tmk_core/common/action_layer.c ****  * Make sure the action triggered when the key is released is the same
 225:tmk_core/common/action_layer.c ****  * one as the one triggered on press. It's important for the mod keys
 226:tmk_core/common/action_layer.c ****  * when the layer is switched after the down event but before the up
 227:tmk_core/common/action_layer.c ****  * event as they may get stuck otherwise.
 228:tmk_core/common/action_layer.c ****  */
 229:tmk_core/common/action_layer.c **** action_t store_or_get_action(bool pressed, keypos_t key) {
 230:tmk_core/common/action_layer.c **** #if !defined(NO_ACTION_LAYER) && !defined(STRICT_LAYER_RELEASE)
 231:tmk_core/common/action_layer.c ****     if (disable_action_cache) {
 232:tmk_core/common/action_layer.c ****         return layer_switch_get_action(key);
 233:tmk_core/common/action_layer.c ****     }
 234:tmk_core/common/action_layer.c **** 
 235:tmk_core/common/action_layer.c ****     uint8_t layer;
 236:tmk_core/common/action_layer.c **** 
 237:tmk_core/common/action_layer.c ****     if (pressed) {
 238:tmk_core/common/action_layer.c ****         layer = layer_switch_get_layer(key);
 239:tmk_core/common/action_layer.c ****         update_source_layers_cache(key, layer);
 240:tmk_core/common/action_layer.c ****     } else {
 241:tmk_core/common/action_layer.c ****         layer = read_source_layers_cache(key);
 242:tmk_core/common/action_layer.c ****     }
 243:tmk_core/common/action_layer.c ****     return action_for_key(layer, key);
 244:tmk_core/common/action_layer.c **** #else
 245:tmk_core/common/action_layer.c ****     return layer_switch_get_action(key);
 246:tmk_core/common/action_layer.c **** #endif
 247:tmk_core/common/action_layer.c **** }
 248:tmk_core/common/action_layer.c **** 
 249:tmk_core/common/action_layer.c **** /** \brief Layer switch get layer
 250:tmk_core/common/action_layer.c ****  *
 251:tmk_core/common/action_layer.c ****  * Gets the layer based on key info
 252:tmk_core/common/action_layer.c ****  */
 253:tmk_core/common/action_layer.c **** uint8_t layer_switch_get_layer(keypos_t key) {
 876               		.loc 1 253 0
 877               		.cfi_startproc
 878               	.LVL64:
 879 0000 BF92      		push r11
 880               	.LCFI20:
 881               		.cfi_def_cfa_offset 3
 882               		.cfi_offset 11, -2
 883 0002 CF92      		push r12
 884               	.LCFI21:
 885               		.cfi_def_cfa_offset 4
 886               		.cfi_offset 12, -3
 887 0004 DF92      		push r13
 888               	.LCFI22:
 889               		.cfi_def_cfa_offset 5
 890               		.cfi_offset 13, -4
 891 0006 EF92      		push r14
 892               	.LCFI23:
 893               		.cfi_def_cfa_offset 6
 894               		.cfi_offset 14, -5
 895 0008 FF92      		push r15
 896               	.LCFI24:
 897               		.cfi_def_cfa_offset 7
 898               		.cfi_offset 15, -6
 899 000a 0F93      		push r16
 900               	.LCFI25:
 901               		.cfi_def_cfa_offset 8
 902               		.cfi_offset 16, -7
 903 000c 1F93      		push r17
 904               	.LCFI26:
 905               		.cfi_def_cfa_offset 9
 906               		.cfi_offset 17, -8
 907 000e CF93      		push r28
 908               	.LCFI27:
 909               		.cfi_def_cfa_offset 10
 910               		.cfi_offset 28, -9
 911 0010 DF93      		push r29
 912               	.LCFI28:
 913               		.cfi_def_cfa_offset 11
 914               		.cfi_offset 29, -10
 915               	/* prologue: function */
 916               	/* frame size = 0 */
 917               	/* stack size = 9 */
 918               	.L__stack_usage = 9
 919 0012 8C01      		movw r16,r24
 920               	.LVL65:
 254:tmk_core/common/action_layer.c **** #ifndef NO_ACTION_LAYER
 255:tmk_core/common/action_layer.c ****     action_t action;
 256:tmk_core/common/action_layer.c ****     action.code = ACTION_TRANSPARENT;
 257:tmk_core/common/action_layer.c **** 
 258:tmk_core/common/action_layer.c ****     layer_state_t layers = layer_state | default_layer_state;
 921               		.loc 1 258 0
 922 0014 C090 0000 		lds r12,layer_state
 923 0018 D090 0000 		lds r13,layer_state+1
 924 001c E090 0000 		lds r14,layer_state+2
 925 0020 F090 0000 		lds r15,layer_state+3
 926 0024 8091 0000 		lds r24,default_layer_state
 927 0028 9091 0000 		lds r25,default_layer_state+1
 928 002c A091 0000 		lds r26,default_layer_state+2
 929 0030 B091 0000 		lds r27,default_layer_state+3
 930               	.LVL66:
 931 0034 C82A      		or r12,r24
 932 0036 D92A      		or r13,r25
 933 0038 EA2A      		or r14,r26
 934 003a FB2A      		or r15,r27
 935               	.LVL67:
 936 003c CFE1      		ldi r28,lo8(31)
 937 003e D0E0      		ldi r29,0
 938               	.LVL68:
 939               	.L38:
 940               	.LBB4:
 259:tmk_core/common/action_layer.c ****     /* check top layer first */
 260:tmk_core/common/action_layer.c ****     for (int8_t i = MAX_LAYER - 1; i >= 0; i--) {
 261:tmk_core/common/action_layer.c ****         if (layers & (1UL << i)) {
 941               		.loc 1 261 0
 942 0040 D701      		movw r26,r14
 943 0042 C601      		movw r24,r12
 944 0044 0C2E      		mov r0,r28
 945 0046 00C0      		rjmp 2f
 946               		1:
 947 0048 B695      		lsr r27
 948 004a A795      		ror r26
 949 004c 9795      		ror r25
 950 004e 8795      		ror r24
 951               		2:
 952 0050 0A94      		dec r0
 953 0052 02F4      		brpl 1b
 954 0054 80FD      		sbrc r24,0
 955 0056 00C0      		rjmp .L37
 956               	.L40:
 957               	.LVL69:
 958               	.LVL70:
 959 0058 2197      		sbiw r28,1
 960 005a 00F4      		brcc .L38
 961               	.LBE4:
 262:tmk_core/common/action_layer.c ****             action = action_for_key(i, key);
 263:tmk_core/common/action_layer.c ****             if (action.code != ACTION_TRANSPARENT) {
 264:tmk_core/common/action_layer.c ****                 return i;
 265:tmk_core/common/action_layer.c ****             }
 266:tmk_core/common/action_layer.c ****         }
 267:tmk_core/common/action_layer.c ****     }
 268:tmk_core/common/action_layer.c ****     /* fall back to layer 0 */
 269:tmk_core/common/action_layer.c ****     return 0;
 962               		.loc 1 269 0
 963 005c B12C      		mov r11,__zero_reg__
 964 005e 00C0      		rjmp .L39
 965               	.L37:
 966               	.LBB5:
 262:tmk_core/common/action_layer.c ****             action = action_for_key(i, key);
 967               		.loc 1 262 0
 968 0060 BC2E      		mov r11,r28
 969 0062 B801      		movw r22,r16
 970 0064 8C2F      		mov r24,r28
 971 0066 0E94 0000 		call action_for_key
 972               	.LVL71:
 263:tmk_core/common/action_layer.c ****                 return i;
 973               		.loc 1 263 0
 974 006a 0197      		sbiw r24,1
 975 006c 01F0      		breq .L40
 976               	.LVL72:
 977               	.L39:
 978               	.LBE5:
 270:tmk_core/common/action_layer.c **** #else
 271:tmk_core/common/action_layer.c ****     return get_highest_layer(default_layer_state);
 272:tmk_core/common/action_layer.c **** #endif
 273:tmk_core/common/action_layer.c **** }
 979               		.loc 1 273 0
 980 006e 8B2D      		mov r24,r11
 981               	/* epilogue start */
 982 0070 DF91      		pop r29
 983 0072 CF91      		pop r28
 984 0074 1F91      		pop r17
 985 0076 0F91      		pop r16
 986               	.LVL73:
 987 0078 FF90      		pop r15
 988 007a EF90      		pop r14
 989 007c DF90      		pop r13
 990 007e CF90      		pop r12
 991               	.LVL74:
 992 0080 BF90      		pop r11
 993 0082 0895      		ret
 994               		.cfi_endproc
 995               	.LFE29:
 997               		.section	.text.layer_switch_get_action,"ax",@progbits
 998               	.global	layer_switch_get_action
 1000               	layer_switch_get_action:
 1001               	.LFB30:
 274:tmk_core/common/action_layer.c **** 
 275:tmk_core/common/action_layer.c **** /** \brief Layer switch get layer
 276:tmk_core/common/action_layer.c ****  *
 277:tmk_core/common/action_layer.c ****  * Gets action code based on key position
 278:tmk_core/common/action_layer.c ****  */
 279:tmk_core/common/action_layer.c **** action_t layer_switch_get_action(keypos_t key) { return action_for_key(layer_switch_get_layer(key),
 1002               		.loc 1 279 0
 1003               		.cfi_startproc
 1004               	.LVL75:
 1005 0000 CF93      		push r28
 1006               	.LCFI29:
 1007               		.cfi_def_cfa_offset 3
 1008               		.cfi_offset 28, -2
 1009 0002 DF93      		push r29
 1010               	.LCFI30:
 1011               		.cfi_def_cfa_offset 4
 1012               		.cfi_offset 29, -3
 1013               	/* prologue: function */
 1014               	/* frame size = 0 */
 1015               	/* stack size = 2 */
 1016               	.L__stack_usage = 2
 1017 0004 EC01      		movw r28,r24
 1018               		.loc 1 279 0
 1019 0006 0E94 0000 		call layer_switch_get_layer
 1020               	.LVL76:
 1021 000a BE01      		movw r22,r28
 1022 000c 0E94 0000 		call action_for_key
 1023               	.LVL77:
 1024               	/* epilogue start */
 1025 0010 DF91      		pop r29
 1026 0012 CF91      		pop r28
 1027               	.LVL78:
 1028 0014 0895      		ret
 1029               		.cfi_endproc
 1030               	.LFE30:
 1032               		.section	.text.store_or_get_action,"ax",@progbits
 1033               	.global	store_or_get_action
 1035               	store_or_get_action:
 1036               	.LFB28:
 229:tmk_core/common/action_layer.c **** #if !defined(NO_ACTION_LAYER) && !defined(STRICT_LAYER_RELEASE)
 1037               		.loc 1 229 0
 1038               		.cfi_startproc
 1039               	.LVL79:
 1040 0000 1F93      		push r17
 1041               	.LCFI31:
 1042               		.cfi_def_cfa_offset 3
 1043               		.cfi_offset 17, -2
 1044 0002 CF93      		push r28
 1045               	.LCFI32:
 1046               		.cfi_def_cfa_offset 4
 1047               		.cfi_offset 28, -3
 1048 0004 DF93      		push r29
 1049               	.LCFI33:
 1050               		.cfi_def_cfa_offset 5
 1051               		.cfi_offset 29, -4
 1052               	/* prologue: function */
 1053               	/* frame size = 0 */
 1054               	/* stack size = 3 */
 1055               	.L__stack_usage = 3
 1056 0006 EB01      		movw r28,r22
 231:tmk_core/common/action_layer.c ****         return layer_switch_get_action(key);
 1057               		.loc 1 231 0
 1058 0008 9091 0000 		lds r25,disable_action_cache
 1059 000c 9923      		tst r25
 1060 000e 01F0      		breq .L47
 232:tmk_core/common/action_layer.c ****     }
 1061               		.loc 1 232 0
 1062 0010 CB01      		movw r24,r22
 1063               	.LVL80:
 1064 0012 0E94 0000 		call layer_switch_get_action
 1065               	.LVL81:
 1066 0016 00C0      		rjmp .L48
 1067               	.LVL82:
 1068               	.L47:
 237:tmk_core/common/action_layer.c ****         layer = layer_switch_get_layer(key);
 1069               		.loc 1 237 0
 1070 0018 8823      		tst r24
 1071 001a 01F0      		breq .L49
 238:tmk_core/common/action_layer.c ****         update_source_layers_cache(key, layer);
 1072               		.loc 1 238 0
 1073 001c CB01      		movw r24,r22
 1074               	.LVL83:
 1075 001e 0E94 0000 		call layer_switch_get_layer
 1076               	.LVL84:
 1077 0022 182F      		mov r17,r24
 1078               	.LVL85:
 239:tmk_core/common/action_layer.c ****     } else {
 1079               		.loc 1 239 0
 1080 0024 682F      		mov r22,r24
 1081               	.LVL86:
 1082 0026 CE01      		movw r24,r28
 1083 0028 0E94 0000 		call update_source_layers_cache
 1084               	.LVL87:
 1085 002c 00C0      		rjmp .L50
 1086               	.LVL88:
 1087               	.L49:
 241:tmk_core/common/action_layer.c ****     }
 1088               		.loc 1 241 0
 1089 002e CB01      		movw r24,r22
 1090               	.LVL89:
 1091 0030 0E94 0000 		call read_source_layers_cache
 1092               	.LVL90:
 1093 0034 182F      		mov r17,r24
 1094               	.LVL91:
 1095               	.L50:
 243:tmk_core/common/action_layer.c **** #else
 1096               		.loc 1 243 0
 1097 0036 BE01      		movw r22,r28
 1098 0038 812F      		mov r24,r17
 1099 003a 0E94 0000 		call action_for_key
 1100               	.LVL92:
 1101               	.L48:
 1102               	/* epilogue start */
 247:tmk_core/common/action_layer.c **** 
 1103               		.loc 1 247 0
 1104 003e DF91      		pop r29
 1105 0040 CF91      		pop r28
 1106               	.LVL93:
 1107 0042 1F91      		pop r17
 1108 0044 0895      		ret
 1109               		.cfi_endproc
 1110               	.LFE28:
 1112               	.global	source_layers_cache
 1113               		.section	.bss.source_layers_cache,"aw",@nobits
 1116               	source_layers_cache:
 1117 0000 0000 0000 		.zero	25
 1117      0000 0000 
 1117      0000 0000 
 1117      0000 0000 
 1117      0000 0000 
 1118               	.global	layer_state
 1119               		.section	.bss.layer_state,"aw",@nobits
 1122               	layer_state:
 1123 0000 0000 0000 		.zero	4
 1124               	.global	default_layer_state
 1125               		.section	.bss.default_layer_state,"aw",@nobits
 1128               	default_layer_state:
 1129 0000 0000 0000 		.zero	4
 1130               		.text
 1131               	.Letext0:
 1132               		.file 2 "/usr/lib/avr/include/stdint.h"
 1133               		.file 3 "tmk_core/common/keyboard.h"
 1134               		.file 4 "tmk_core/common/action_code.h"
 1135               		.file 5 "tmk_core/common/action_layer.h"
 1136               		.file 6 "tmk_core/common/action.h"
DEFINED SYMBOLS
                            *ABS*:0000000000000000 action_layer.c
     /tmp/cc03pDBe.s:2      *ABS*:000000000000003e __SP_H__
     /tmp/cc03pDBe.s:3      *ABS*:000000000000003d __SP_L__
     /tmp/cc03pDBe.s:4      *ABS*:000000000000003f __SREG__
     /tmp/cc03pDBe.s:5      *ABS*:0000000000000000 __tmp_reg__
     /tmp/cc03pDBe.s:6      *ABS*:0000000000000001 __zero_reg__
     /tmp/cc03pDBe.s:13     .text.default_layer_debug:0000000000000000 default_layer_debug
     /tmp/cc03pDBe.s:27     .text.layer_state_set_user:0000000000000000 layer_state_set_user
     /tmp/cc03pDBe.s:27     .text.layer_state_set_user:0000000000000000 layer_state_set_user.localalias.0
     /tmp/cc03pDBe.s:46     .text.default_layer_state_set_user:0000000000000000 default_layer_state_set_user
     /tmp/cc03pDBe.s:60     .text.default_layer_state_set_kb:0000000000000000 default_layer_state_set_kb
     /tmp/cc03pDBe.s:77     .text.default_layer_state_set:0000000000000000 default_layer_state_set
     /tmp/cc03pDBe.s:1128   .bss.default_layer_state:0000000000000000 default_layer_state
     /tmp/cc03pDBe.s:103    .text.default_layer_set:0000000000000000 default_layer_set
     /tmp/cc03pDBe.s:121    .text.default_layer_or:0000000000000000 default_layer_or
     /tmp/cc03pDBe.s:159    .text.default_layer_and:0000000000000000 default_layer_and
     /tmp/cc03pDBe.s:197    .text.default_layer_xor:0000000000000000 default_layer_xor
     /tmp/cc03pDBe.s:235    .text.layer_state_set_kb:0000000000000000 layer_state_set_kb
     /tmp/cc03pDBe.s:253    .text.layer_state_set:0000000000000000 layer_state_set
     /tmp/cc03pDBe.s:1122   .bss.layer_state:0000000000000000 layer_state
     /tmp/cc03pDBe.s:279    .text.layer_clear:0000000000000000 layer_clear
     /tmp/cc03pDBe.s:299    .text.layer_state_cmp:0000000000000000 layer_state_cmp
     /tmp/cc03pDBe.s:343    .text.layer_state_is:0000000000000000 layer_state_is
     /tmp/cc03pDBe.s:366    .text.layer_move:0000000000000000 layer_move
     /tmp/cc03pDBe.s:412    .text.layer_on:0000000000000000 layer_on
     /tmp/cc03pDBe.s:467    .text.layer_off:0000000000000000 layer_off
     /tmp/cc03pDBe.s:526    .text.layer_invert:0000000000000000 layer_invert
     /tmp/cc03pDBe.s:581    .text.layer_or:0000000000000000 layer_or
     /tmp/cc03pDBe.s:619    .text.layer_and:0000000000000000 layer_and
     /tmp/cc03pDBe.s:657    .text.layer_xor:0000000000000000 layer_xor
     /tmp/cc03pDBe.s:695    .text.layer_debug:0000000000000000 layer_debug
     /tmp/cc03pDBe.s:710    .text.update_source_layers_cache:0000000000000000 update_source_layers_cache
     /tmp/cc03pDBe.s:1116   .bss.source_layers_cache:0000000000000000 source_layers_cache
     /tmp/cc03pDBe.s:791    .text.read_source_layers_cache:0000000000000000 read_source_layers_cache
     /tmp/cc03pDBe.s:874    .text.layer_switch_get_layer:0000000000000000 layer_switch_get_layer
     /tmp/cc03pDBe.s:1000   .text.layer_switch_get_action:0000000000000000 layer_switch_get_action
     /tmp/cc03pDBe.s:1035   .text.store_or_get_action:0000000000000000 store_or_get_action

UNDEFINED SYMBOLS
clear_keyboard_but_mods_and_keys
action_for_key
disable_action_cache
__do_clear_bss
