   1               		.file	"process_space_cadet.c"
   2               	__SP_H__ = 0x3e
   3               	__SP_L__ = 0x3d
   4               	__SREG__ = 0x3f
   5               	__tmp_reg__ = 0
   6               	__zero_reg__ = 1
   7               		.text
   8               	.Ltext0:
   9               		.cfi_sections	.debug_frame
  10               		.section	.text.perform_space_cadet,"ax",@progbits
  11               	.global	perform_space_cadet
  13               	perform_space_cadet:
  14               	.LFB24:
  15               		.file 1 "quantum/process_keycode/process_space_cadet.c"
   1:quantum/process_keycode/process_space_cadet.c **** /* Copyright 2019 Jack Humbert
   2:quantum/process_keycode/process_space_cadet.c ****  *
   3:quantum/process_keycode/process_space_cadet.c ****  * This program is free software: you can redistribute it and/or modify
   4:quantum/process_keycode/process_space_cadet.c ****  * it under the terms of the GNU General Public License as published by
   5:quantum/process_keycode/process_space_cadet.c ****  * the Free Software Foundation, either version 2 of the License, or
   6:quantum/process_keycode/process_space_cadet.c ****  * (at your option) any later version.
   7:quantum/process_keycode/process_space_cadet.c ****  *
   8:quantum/process_keycode/process_space_cadet.c ****  * This program is distributed in the hope that it will be useful,
   9:quantum/process_keycode/process_space_cadet.c ****  * but WITHOUT ANY WARRANTY; without even the implied warranty of
  10:quantum/process_keycode/process_space_cadet.c ****  * MERCHANTABILITY or FITNESS FOR A PARTICULAR PURPOSE.  See the
  11:quantum/process_keycode/process_space_cadet.c ****  * GNU General Public License for more details.
  12:quantum/process_keycode/process_space_cadet.c ****  *
  13:quantum/process_keycode/process_space_cadet.c ****  * You should have received a copy of the GNU General Public License
  14:quantum/process_keycode/process_space_cadet.c ****  * along with this program.  If not, see <http://www.gnu.org/licenses/>.
  15:quantum/process_keycode/process_space_cadet.c ****  */
  16:quantum/process_keycode/process_space_cadet.c **** #include "process_space_cadet.h"
  17:quantum/process_keycode/process_space_cadet.c **** #include "action_tapping.h"
  18:quantum/process_keycode/process_space_cadet.c **** 
  19:quantum/process_keycode/process_space_cadet.c **** // ********** OBSOLETE DEFINES, STOP USING! (pls?) **********
  20:quantum/process_keycode/process_space_cadet.c **** // Shift / paren setup
  21:quantum/process_keycode/process_space_cadet.c **** #ifndef LSPO_KEY
  22:quantum/process_keycode/process_space_cadet.c **** #    define LSPO_KEY KC_9
  23:quantum/process_keycode/process_space_cadet.c **** #endif
  24:quantum/process_keycode/process_space_cadet.c **** #ifndef RSPC_KEY
  25:quantum/process_keycode/process_space_cadet.c **** #    define RSPC_KEY KC_0
  26:quantum/process_keycode/process_space_cadet.c **** #endif
  27:quantum/process_keycode/process_space_cadet.c **** 
  28:quantum/process_keycode/process_space_cadet.c **** // Shift / Enter setup
  29:quantum/process_keycode/process_space_cadet.c **** #ifndef SFTENT_KEY
  30:quantum/process_keycode/process_space_cadet.c **** #    define SFTENT_KEY KC_ENT
  31:quantum/process_keycode/process_space_cadet.c **** #endif
  32:quantum/process_keycode/process_space_cadet.c **** 
  33:quantum/process_keycode/process_space_cadet.c **** #ifdef DISABLE_SPACE_CADET_MODIFIER
  34:quantum/process_keycode/process_space_cadet.c **** #    ifndef LSPO_MOD
  35:quantum/process_keycode/process_space_cadet.c **** #        define LSPO_MOD KC_TRNS
  36:quantum/process_keycode/process_space_cadet.c **** #    endif
  37:quantum/process_keycode/process_space_cadet.c **** #    ifndef RSPC_MOD
  38:quantum/process_keycode/process_space_cadet.c **** #        define RSPC_MOD KC_TRNS
  39:quantum/process_keycode/process_space_cadet.c **** #    endif
  40:quantum/process_keycode/process_space_cadet.c **** #else
  41:quantum/process_keycode/process_space_cadet.c **** #    ifndef LSPO_MOD
  42:quantum/process_keycode/process_space_cadet.c **** #        define LSPO_MOD KC_LSFT
  43:quantum/process_keycode/process_space_cadet.c **** #    endif
  44:quantum/process_keycode/process_space_cadet.c **** #    ifndef RSPC_MOD
  45:quantum/process_keycode/process_space_cadet.c **** #        define RSPC_MOD KC_RSFT
  46:quantum/process_keycode/process_space_cadet.c **** #    endif
  47:quantum/process_keycode/process_space_cadet.c **** #endif
  48:quantum/process_keycode/process_space_cadet.c **** // **********************************************************
  49:quantum/process_keycode/process_space_cadet.c **** 
  50:quantum/process_keycode/process_space_cadet.c **** // Shift / paren setup
  51:quantum/process_keycode/process_space_cadet.c **** #ifndef LSPO_KEYS
  52:quantum/process_keycode/process_space_cadet.c **** #    define LSPO_KEYS KC_LSFT, LSPO_MOD, LSPO_KEY
  53:quantum/process_keycode/process_space_cadet.c **** #endif
  54:quantum/process_keycode/process_space_cadet.c **** #ifndef RSPC_KEYS
  55:quantum/process_keycode/process_space_cadet.c **** #    define RSPC_KEYS KC_RSFT, RSPC_MOD, RSPC_KEY
  56:quantum/process_keycode/process_space_cadet.c **** #endif
  57:quantum/process_keycode/process_space_cadet.c **** 
  58:quantum/process_keycode/process_space_cadet.c **** // Control / paren setup
  59:quantum/process_keycode/process_space_cadet.c **** #ifndef LCPO_KEYS
  60:quantum/process_keycode/process_space_cadet.c **** #    define LCPO_KEYS KC_LCTL, KC_LSFT, KC_9
  61:quantum/process_keycode/process_space_cadet.c **** #endif
  62:quantum/process_keycode/process_space_cadet.c **** #ifndef RCPC_KEYS
  63:quantum/process_keycode/process_space_cadet.c **** #    define RCPC_KEYS KC_RCTL, KC_RSFT, KC_0
  64:quantum/process_keycode/process_space_cadet.c **** #endif
  65:quantum/process_keycode/process_space_cadet.c **** 
  66:quantum/process_keycode/process_space_cadet.c **** // Alt / paren setup
  67:quantum/process_keycode/process_space_cadet.c **** #ifndef LAPO_KEYS
  68:quantum/process_keycode/process_space_cadet.c **** #    define LAPO_KEYS KC_LALT, KC_LSFT, KC_9
  69:quantum/process_keycode/process_space_cadet.c **** #endif
  70:quantum/process_keycode/process_space_cadet.c **** #ifndef RAPC_KEYS
  71:quantum/process_keycode/process_space_cadet.c **** #    define RAPC_KEYS KC_RALT, KC_RSFT, KC_0
  72:quantum/process_keycode/process_space_cadet.c **** #endif
  73:quantum/process_keycode/process_space_cadet.c **** 
  74:quantum/process_keycode/process_space_cadet.c **** // Shift / Enter setup
  75:quantum/process_keycode/process_space_cadet.c **** #ifndef SFTENT_KEYS
  76:quantum/process_keycode/process_space_cadet.c **** #    define SFTENT_KEYS KC_RSFT, KC_TRNS, SFTENT_KEY
  77:quantum/process_keycode/process_space_cadet.c **** #endif
  78:quantum/process_keycode/process_space_cadet.c **** 
  79:quantum/process_keycode/process_space_cadet.c **** static uint8_t  sc_last  = 0;
  80:quantum/process_keycode/process_space_cadet.c **** static uint16_t sc_timer = 0;
  81:quantum/process_keycode/process_space_cadet.c **** #ifdef SPACE_CADET_MODIFIER_CARRYOVER
  82:quantum/process_keycode/process_space_cadet.c **** static uint8_t sc_mods = 0;
  83:quantum/process_keycode/process_space_cadet.c **** #endif
  84:quantum/process_keycode/process_space_cadet.c **** 
  85:quantum/process_keycode/process_space_cadet.c **** void perform_space_cadet(keyrecord_t *record, uint16_t sc_keycode, uint8_t holdMod, uint8_t tapMod,
  16               		.loc 1 85 0
  17               		.cfi_startproc
  18               	.LVL0:
  19 0000 0F93      		push r16
  20               	.LCFI0:
  21               		.cfi_def_cfa_offset 3
  22               		.cfi_offset 16, -2
  23 0002 1F93      		push r17
  24               	.LCFI1:
  25               		.cfi_def_cfa_offset 4
  26               		.cfi_offset 17, -3
  27 0004 CF93      		push r28
  28               	.LCFI2:
  29               		.cfi_def_cfa_offset 5
  30               		.cfi_offset 28, -4
  31 0006 DF93      		push r29
  32               	.LCFI3:
  33               		.cfi_def_cfa_offset 6
  34               		.cfi_offset 29, -5
  35               	/* prologue: function */
  36               	/* frame size = 0 */
  37               	/* stack size = 4 */
  38               	.L__stack_usage = 4
  39 0008 C42F      		mov r28,r20
  40 000a D22F      		mov r29,r18
  86:quantum/process_keycode/process_space_cadet.c ****     if (record->event.pressed) {
  41               		.loc 1 86 0
  42 000c FC01      		movw r30,r24
  43 000e 8281      		ldd r24,Z+2
  44               	.LVL1:
  45 0010 8823      		tst r24
  46 0012 01F0      		breq .L2
  87:quantum/process_keycode/process_space_cadet.c ****         sc_last  = holdMod;
  47               		.loc 1 87 0
  48 0014 4093 0000 		sts sc_last,r20
  88:quantum/process_keycode/process_space_cadet.c ****         sc_timer = timer_read();
  49               		.loc 1 88 0
  50 0018 0E94 0000 		call timer_read
  51               	.LVL2:
  52 001c 9093 0000 		sts sc_timer+1,r25
  53 0020 8093 0000 		sts sc_timer,r24
  89:quantum/process_keycode/process_space_cadet.c **** #ifdef SPACE_CADET_MODIFIER_CARRYOVER
  90:quantum/process_keycode/process_space_cadet.c ****         sc_mods = get_mods();
  91:quantum/process_keycode/process_space_cadet.c **** #endif
  92:quantum/process_keycode/process_space_cadet.c ****         if (IS_MOD(holdMod)) {
  54               		.loc 1 92 0
  55 0024 80E2      		ldi r24,lo8(32)
  56 0026 8C0F      		add r24,r28
  57 0028 8830      		cpi r24,lo8(8)
  58 002a 00F0      		brlo .+2
  59 002c 00C0      		rjmp .L1
  93:quantum/process_keycode/process_space_cadet.c ****             register_mods(MOD_BIT(holdMod));
  60               		.loc 1 93 0
  61 002e C770      		andi r28,lo8(7)
  62               	.LVL3:
  63 0030 81E0      		ldi r24,lo8(1)
  64 0032 00C0      		rjmp 2f
  65               		1:
  66 0034 880F      		lsl r24
  67               		2:
  68 0036 CA95      		dec r28
  69 0038 02F4      		brpl 1b
  70               	/* epilogue start */
  94:quantum/process_keycode/process_space_cadet.c ****         }
  95:quantum/process_keycode/process_space_cadet.c ****     } else {
  96:quantum/process_keycode/process_space_cadet.c **** #ifdef TAPPING_TERM_PER_KEY
  97:quantum/process_keycode/process_space_cadet.c ****         if (sc_last == holdMod && timer_elapsed(sc_timer) < get_tapping_term(sc_keycode, record))
  98:quantum/process_keycode/process_space_cadet.c **** #else
  99:quantum/process_keycode/process_space_cadet.c ****         if (sc_last == holdMod && timer_elapsed(sc_timer) < TAPPING_TERM)
 100:quantum/process_keycode/process_space_cadet.c **** #endif
 101:quantum/process_keycode/process_space_cadet.c ****         {
 102:quantum/process_keycode/process_space_cadet.c ****             if (holdMod != tapMod) {
 103:quantum/process_keycode/process_space_cadet.c ****                 if (IS_MOD(holdMod)) {
 104:quantum/process_keycode/process_space_cadet.c ****                     unregister_mods(MOD_BIT(holdMod));
 105:quantum/process_keycode/process_space_cadet.c ****                 }
 106:quantum/process_keycode/process_space_cadet.c ****                 if (IS_MOD(tapMod)) {
 107:quantum/process_keycode/process_space_cadet.c ****                     register_mods(MOD_BIT(tapMod));
 108:quantum/process_keycode/process_space_cadet.c ****                 }
 109:quantum/process_keycode/process_space_cadet.c ****             }
 110:quantum/process_keycode/process_space_cadet.c **** #ifdef SPACE_CADET_MODIFIER_CARRYOVER
 111:quantum/process_keycode/process_space_cadet.c ****             set_weak_mods(sc_mods);
 112:quantum/process_keycode/process_space_cadet.c **** #endif
 113:quantum/process_keycode/process_space_cadet.c ****             tap_code(keycode);
 114:quantum/process_keycode/process_space_cadet.c **** #ifdef SPACE_CADET_MODIFIER_CARRYOVER
 115:quantum/process_keycode/process_space_cadet.c ****             clear_weak_mods();
 116:quantum/process_keycode/process_space_cadet.c **** #endif
 117:quantum/process_keycode/process_space_cadet.c ****             if (IS_MOD(tapMod)) {
 118:quantum/process_keycode/process_space_cadet.c ****                 unregister_mods(MOD_BIT(tapMod));
 119:quantum/process_keycode/process_space_cadet.c ****             }
 120:quantum/process_keycode/process_space_cadet.c ****         } else {
 121:quantum/process_keycode/process_space_cadet.c ****             if (IS_MOD(holdMod)) {
 122:quantum/process_keycode/process_space_cadet.c ****                 unregister_mods(MOD_BIT(holdMod));
 123:quantum/process_keycode/process_space_cadet.c ****             }
 124:quantum/process_keycode/process_space_cadet.c ****         }
 125:quantum/process_keycode/process_space_cadet.c ****     }
 126:quantum/process_keycode/process_space_cadet.c **** }
  71               		.loc 1 126 0
  72 003a DF91      		pop r29
  73               	.LVL4:
  74 003c CF91      		pop r28
  75 003e 1F91      		pop r17
  76 0040 0F91      		pop r16
  77               	.LVL5:
  93:quantum/process_keycode/process_space_cadet.c ****             register_mods(MOD_BIT(holdMod));
  78               		.loc 1 93 0
  79 0042 0C94 0000 		jmp register_mods
  80               	.LVL6:
  81               	.L2:
  99:quantum/process_keycode/process_space_cadet.c **** #endif
  82               		.loc 1 99 0
  83 0046 8091 0000 		lds r24,sc_last
  84 004a 4813      		cpse r20,r24
  85 004c 00C0      		rjmp .L5
  99:quantum/process_keycode/process_space_cadet.c **** #endif
  86               		.loc 1 99 0 is_stmt 0 discriminator 1
  87 004e 8091 0000 		lds r24,sc_timer
  88 0052 9091 0000 		lds r25,sc_timer+1
  89 0056 0E94 0000 		call timer_elapsed
  90               	.LVL7:
  91 005a 883C      		cpi r24,-56
  92 005c 9105      		cpc r25,__zero_reg__
  93 005e 00F4      		brsh .L5
  94 0060 10E2      		ldi r17,lo8(32)
  95 0062 1D0F      		add r17,r29
 102:quantum/process_keycode/process_space_cadet.c ****                 if (IS_MOD(holdMod)) {
  96               		.loc 1 102 0 is_stmt 1
  97 0064 CD17      		cp r28,r29
  98 0066 01F0      		breq .L6
 103:quantum/process_keycode/process_space_cadet.c ****                     unregister_mods(MOD_BIT(holdMod));
  99               		.loc 1 103 0
 100 0068 80E2      		ldi r24,lo8(32)
 101 006a 8C0F      		add r24,r28
 102 006c 8830      		cpi r24,lo8(8)
 103 006e 00F4      		brsh .L7
 104:quantum/process_keycode/process_space_cadet.c ****                 }
 104               		.loc 1 104 0
 105 0070 C770      		andi r28,lo8(7)
 106               	.LVL8:
 107 0072 81E0      		ldi r24,lo8(1)
 108 0074 00C0      		rjmp 2f
 109               		1:
 110 0076 880F      		lsl r24
 111               		2:
 112 0078 CA95      		dec r28
 113 007a 02F4      		brpl 1b
 114 007c 0E94 0000 		call unregister_mods
 115               	.LVL9:
 116               	.L7:
 106:quantum/process_keycode/process_space_cadet.c ****                     register_mods(MOD_BIT(tapMod));
 117               		.loc 1 106 0
 118 0080 1830      		cpi r17,lo8(8)
 119 0082 00F4      		brsh .L8
 107:quantum/process_keycode/process_space_cadet.c ****                 }
 120               		.loc 1 107 0
 121 0084 81E0      		ldi r24,lo8(1)
 122 0086 9D2F      		mov r25,r29
 123 0088 9770      		andi r25,lo8(7)
 124 008a 00C0      		rjmp 2f
 125               		1:
 126 008c 880F      		lsl r24
 127               		2:
 128 008e 9A95      		dec r25
 129 0090 02F4      		brpl 1b
 130 0092 0E94 0000 		call register_mods
 131               	.LVL10:
 132               	.L6:
 113:quantum/process_keycode/process_space_cadet.c **** #ifdef SPACE_CADET_MODIFIER_CARRYOVER
 133               		.loc 1 113 0
 134 0096 802F      		mov r24,r16
 135 0098 0E94 0000 		call tap_code
 136               	.LVL11:
 117:quantum/process_keycode/process_space_cadet.c ****                 unregister_mods(MOD_BIT(tapMod));
 137               		.loc 1 117 0
 138 009c 1830      		cpi r17,lo8(8)
 139 009e 00F4      		brsh .L1
 118:quantum/process_keycode/process_space_cadet.c ****             }
 140               		.loc 1 118 0
 141 00a0 D770      		andi r29,lo8(7)
 142               	.LVL12:
 143 00a2 81E0      		ldi r24,lo8(1)
 144 00a4 00C0      		rjmp 2f
 145               		1:
 146 00a6 880F      		lsl r24
 147               		2:
 148 00a8 DA95      		dec r29
 149 00aa 02F4      		brpl 1b
 150 00ac 00C0      		rjmp .L10
 151               	.LVL13:
 152               	.L5:
 121:quantum/process_keycode/process_space_cadet.c ****                 unregister_mods(MOD_BIT(holdMod));
 153               		.loc 1 121 0
 154 00ae 80E2      		ldi r24,lo8(32)
 155 00b0 8C0F      		add r24,r28
 156 00b2 8830      		cpi r24,lo8(8)
 157 00b4 00F4      		brsh .L1
 122:quantum/process_keycode/process_space_cadet.c ****             }
 158               		.loc 1 122 0
 159 00b6 C770      		andi r28,lo8(7)
 160               	.LVL14:
 161 00b8 81E0      		ldi r24,lo8(1)
 162 00ba 00C0      		rjmp 2f
 163               		1:
 164 00bc 880F      		lsl r24
 165               		2:
 166 00be CA95      		dec r28
 167 00c0 02F4      		brpl 1b
 168               	.LVL15:
 169               	.L10:
 170               	/* epilogue start */
 171               		.loc 1 126 0
 172 00c2 DF91      		pop r29
 173 00c4 CF91      		pop r28
 174 00c6 1F91      		pop r17
 175 00c8 0F91      		pop r16
 176               	.LVL16:
 122:quantum/process_keycode/process_space_cadet.c ****             }
 177               		.loc 1 122 0
 178 00ca 0C94 0000 		jmp unregister_mods
 179               	.LVL17:
 180               	.L8:
 113:quantum/process_keycode/process_space_cadet.c **** #ifdef SPACE_CADET_MODIFIER_CARRYOVER
 181               		.loc 1 113 0
 182 00ce 802F      		mov r24,r16
 183               	/* epilogue start */
 184               		.loc 1 126 0
 185 00d0 DF91      		pop r29
 186               	.LVL18:
 187 00d2 CF91      		pop r28
 188 00d4 1F91      		pop r17
 189 00d6 0F91      		pop r16
 190               	.LVL19:
 113:quantum/process_keycode/process_space_cadet.c **** #ifdef SPACE_CADET_MODIFIER_CARRYOVER
 191               		.loc 1 113 0
 192 00d8 0C94 0000 		jmp tap_code
 193               	.LVL20:
 194               	.L1:
 195               	/* epilogue start */
 196               		.loc 1 126 0
 197 00dc DF91      		pop r29
 198               	.LVL21:
 199 00de CF91      		pop r28
 200 00e0 1F91      		pop r17
 201 00e2 0F91      		pop r16
 202               	.LVL22:
 203 00e4 0895      		ret
 204               		.cfi_endproc
 205               	.LFE24:
 207               		.section	.text.process_space_cadet,"ax",@progbits
 208               	.global	process_space_cadet
 210               	process_space_cadet:
 211               	.LFB25:
 127:quantum/process_keycode/process_space_cadet.c **** 
 128:quantum/process_keycode/process_space_cadet.c **** bool process_space_cadet(uint16_t keycode, keyrecord_t *record) {
 212               		.loc 1 128 0
 213               		.cfi_startproc
 214               	.LVL23:
 215 0000 0F93      		push r16
 216               	.LCFI4:
 217               		.cfi_def_cfa_offset 3
 218               		.cfi_offset 16, -2
 219               	/* prologue: function */
 220               	/* frame size = 0 */
 221               	/* stack size = 1 */
 222               	.L__stack_usage = 1
 223 0002 9C01      		movw r18,r24
 224 0004 CB01      		movw r24,r22
 225               	.LVL24:
 129:quantum/process_keycode/process_space_cadet.c ****     switch (keycode) {
 226               		.loc 1 129 0
 227 0006 243F      		cpi r18,-12
 228 0008 4CE5      		ldi r20,92
 229 000a 3407      		cpc r19,r20
 230 000c 01F0      		breq .L14
 231 000e 00F4      		brsh .L15
 232 0010 293D      		cpi r18,-39
 233 0012 FCE5      		ldi r31,92
 234 0014 3F07      		cpc r19,r31
 235 0016 01F0      		breq .L16
 236 0018 2A3D      		cpi r18,-38
 237 001a 4CE5      		ldi r20,92
 238 001c 3407      		cpc r19,r20
 239 001e 01F0      		breq .L17
 240 0020 283D      		cpi r18,-40
 241 0022 3C45      		sbci r19,92
 242 0024 01F4      		brne .L13
 130:quantum/process_keycode/process_space_cadet.c ****         case KC_LSPO: {
 131:quantum/process_keycode/process_space_cadet.c ****             perform_space_cadet(record, keycode, LSPO_KEYS);
 243               		.loc 1 131 0
 244 0026 06E2      		ldi r16,lo8(38)
 245 0028 21EE      		ldi r18,lo8(-31)
 246               	.LVL25:
 247 002a 41EE      		ldi r20,lo8(-31)
 248 002c 68ED      		ldi r22,lo8(-40)
 249 002e 7CE5      		ldi r23,lo8(92)
 250               	.LVL26:
 251 0030 00C0      		rjmp .L24
 252               	.LVL27:
 253               	.L15:
 129:quantum/process_keycode/process_space_cadet.c ****     switch (keycode) {
 254               		.loc 1 129 0
 255 0032 263F      		cpi r18,-10
 256 0034 FCE5      		ldi r31,92
 257 0036 3F07      		cpc r19,r31
 258 0038 01F0      		breq .L19
 259 003a 00F0      		brlo .L20
 260 003c 273F      		cpi r18,-9
 261 003e 3C45      		sbci r19,92
 262 0040 01F4      		brne .L13
 132:quantum/process_keycode/process_space_cadet.c ****             return false;
 133:quantum/process_keycode/process_space_cadet.c ****         }
 134:quantum/process_keycode/process_space_cadet.c ****         case KC_RSPC: {
 135:quantum/process_keycode/process_space_cadet.c ****             perform_space_cadet(record, keycode, RSPC_KEYS);
 136:quantum/process_keycode/process_space_cadet.c ****             return false;
 137:quantum/process_keycode/process_space_cadet.c ****         }
 138:quantum/process_keycode/process_space_cadet.c ****         case KC_LCPO: {
 139:quantum/process_keycode/process_space_cadet.c ****             perform_space_cadet(record, keycode, LCPO_KEYS);
 140:quantum/process_keycode/process_space_cadet.c ****             return false;
 141:quantum/process_keycode/process_space_cadet.c ****         }
 142:quantum/process_keycode/process_space_cadet.c ****         case KC_RCPC: {
 143:quantum/process_keycode/process_space_cadet.c ****             perform_space_cadet(record, keycode, RCPC_KEYS);
 144:quantum/process_keycode/process_space_cadet.c ****             return false;
 145:quantum/process_keycode/process_space_cadet.c ****         }
 146:quantum/process_keycode/process_space_cadet.c ****         case KC_LAPO: {
 147:quantum/process_keycode/process_space_cadet.c ****             perform_space_cadet(record, keycode, LAPO_KEYS);
 148:quantum/process_keycode/process_space_cadet.c ****             return false;
 149:quantum/process_keycode/process_space_cadet.c ****         }
 150:quantum/process_keycode/process_space_cadet.c ****         case KC_RAPC: {
 151:quantum/process_keycode/process_space_cadet.c ****             perform_space_cadet(record, keycode, RAPC_KEYS);
 263               		.loc 1 151 0
 264 0042 07E2      		ldi r16,lo8(39)
 265 0044 25EE      		ldi r18,lo8(-27)
 266               	.LVL28:
 267 0046 46EE      		ldi r20,lo8(-26)
 268 0048 67EF      		ldi r22,lo8(-9)
 269 004a 7CE5      		ldi r23,lo8(92)
 270               	.LVL29:
 271 004c 00C0      		rjmp .L24
 272               	.LVL30:
 273               	.L16:
 135:quantum/process_keycode/process_space_cadet.c ****             return false;
 274               		.loc 1 135 0
 275 004e 07E2      		ldi r16,lo8(39)
 276 0050 25EE      		ldi r18,lo8(-27)
 277               	.LVL31:
 278 0052 45EE      		ldi r20,lo8(-27)
 279 0054 69ED      		ldi r22,lo8(-39)
 280 0056 7CE5      		ldi r23,lo8(92)
 281               	.LVL32:
 282 0058 00C0      		rjmp .L24
 283               	.LVL33:
 284               	.L14:
 139:quantum/process_keycode/process_space_cadet.c ****             return false;
 285               		.loc 1 139 0
 286 005a 06E2      		ldi r16,lo8(38)
 287 005c 21EE      		ldi r18,lo8(-31)
 288               	.LVL34:
 289 005e 40EE      		ldi r20,lo8(-32)
 290 0060 64EF      		ldi r22,lo8(-12)
 291 0062 7CE5      		ldi r23,lo8(92)
 292               	.LVL35:
 293 0064 00C0      		rjmp .L24
 294               	.LVL36:
 295               	.L20:
 143:quantum/process_keycode/process_space_cadet.c ****             return false;
 296               		.loc 1 143 0
 297 0066 07E2      		ldi r16,lo8(39)
 298 0068 25EE      		ldi r18,lo8(-27)
 299               	.LVL37:
 300 006a 44EE      		ldi r20,lo8(-28)
 301 006c 65EF      		ldi r22,lo8(-11)
 302 006e 7CE5      		ldi r23,lo8(92)
 303               	.LVL38:
 304 0070 00C0      		rjmp .L24
 305               	.LVL39:
 306               	.L19:
 147:quantum/process_keycode/process_space_cadet.c ****             return false;
 307               		.loc 1 147 0
 308 0072 06E2      		ldi r16,lo8(38)
 309 0074 21EE      		ldi r18,lo8(-31)
 310               	.LVL40:
 311 0076 42EE      		ldi r20,lo8(-30)
 312 0078 66EF      		ldi r22,lo8(-10)
 313 007a 7CE5      		ldi r23,lo8(92)
 314               	.LVL41:
 315 007c 00C0      		rjmp .L24
 316               	.LVL42:
 317               	.L17:
 152:quantum/process_keycode/process_space_cadet.c ****             return false;
 153:quantum/process_keycode/process_space_cadet.c ****         }
 154:quantum/process_keycode/process_space_cadet.c ****         case KC_SFTENT: {
 155:quantum/process_keycode/process_space_cadet.c ****             perform_space_cadet(record, keycode, SFTENT_KEYS);
 318               		.loc 1 155 0
 319 007e 08E2      		ldi r16,lo8(40)
 320 0080 21E0      		ldi r18,lo8(1)
 321               	.LVL43:
 322 0082 45EE      		ldi r20,lo8(-27)
 323 0084 6AED      		ldi r22,lo8(-38)
 324 0086 7CE5      		ldi r23,lo8(92)
 325               	.LVL44:
 326               	.L24:
 327 0088 0E94 0000 		call perform_space_cadet
 328               	.LVL45:
 156:quantum/process_keycode/process_space_cadet.c ****             return false;
 329               		.loc 1 156 0
 330 008c 80E0      		ldi r24,0
 331 008e 00C0      		rjmp .L22
 332               	.LVL46:
 333               	.L13:
 157:quantum/process_keycode/process_space_cadet.c ****         }
 158:quantum/process_keycode/process_space_cadet.c ****         default: {
 159:quantum/process_keycode/process_space_cadet.c ****             if (record->event.pressed) {
 334               		.loc 1 159 0
 335 0090 FC01      		movw r30,r24
 336 0092 8281      		ldd r24,Z+2
 337 0094 8823      		tst r24
 338 0096 01F0      		breq .L23
 160:quantum/process_keycode/process_space_cadet.c ****                 sc_last = 0;
 339               		.loc 1 160 0
 340 0098 1092 0000 		sts sc_last,__zero_reg__
 341 009c 00C0      		rjmp .L22
 342               	.L23:
 161:quantum/process_keycode/process_space_cadet.c ****             }
 162:quantum/process_keycode/process_space_cadet.c ****             break;
 163:quantum/process_keycode/process_space_cadet.c ****         }
 164:quantum/process_keycode/process_space_cadet.c ****     }
 165:quantum/process_keycode/process_space_cadet.c ****     return true;
 343               		.loc 1 165 0
 344 009e 81E0      		ldi r24,lo8(1)
 345               	.LVL47:
 346               	.L22:
 347               	/* epilogue start */
 166:quantum/process_keycode/process_space_cadet.c **** }
 348               		.loc 1 166 0
 349 00a0 0F91      		pop r16
 350 00a2 0895      		ret
 351               		.cfi_endproc
 352               	.LFE25:
 354               		.section	.bss.sc_timer,"aw",@nobits
 357               	sc_timer:
 358 0000 0000      		.zero	2
 359               		.section	.bss.sc_last,"aw",@nobits
 362               	sc_last:
 363 0000 00        		.zero	1
 364               		.text
 365               	.Letext0:
 366               		.file 2 "/usr/lib/avr/include/stdint.h"
 367               		.file 3 "tmk_core/common/keyboard.h"
 368               		.file 4 "tmk_core/common/action.h"
 369               		.file 5 "tmk_core/common/report.h"
 370               		.file 6 "tmk_core/common/keycode.h"
 371               		.file 7 "quantum/quantum_keycodes.h"
 372               		.file 8 "tmk_core/common/timer.h"
 373               		.file 9 "tmk_core/common/action_util.h"
DEFINED SYMBOLS
                            *ABS*:0000000000000000 process_space_cadet.c
     /tmp/ccR2GqyM.s:2      *ABS*:000000000000003e __SP_H__
     /tmp/ccR2GqyM.s:3      *ABS*:000000000000003d __SP_L__
     /tmp/ccR2GqyM.s:4      *ABS*:000000000000003f __SREG__
     /tmp/ccR2GqyM.s:5      *ABS*:0000000000000000 __tmp_reg__
     /tmp/ccR2GqyM.s:6      *ABS*:0000000000000001 __zero_reg__
     /tmp/ccR2GqyM.s:13     .text.perform_space_cadet:0000000000000000 perform_space_cadet
     /tmp/ccR2GqyM.s:362    .bss.sc_last:0000000000000000 sc_last
     /tmp/ccR2GqyM.s:357    .bss.sc_timer:0000000000000000 sc_timer
     /tmp/ccR2GqyM.s:210    .text.process_space_cadet:0000000000000000 process_space_cadet

UNDEFINED SYMBOLS
timer_read
register_mods
timer_elapsed
unregister_mods
tap_code
__do_clear_bss
