   1               		.file	"keymap.c"
   2               	__SP_H__ = 0x3e
   3               	__SP_L__ = 0x3d
   4               	__SREG__ = 0x3f
   5               	__tmp_reg__ = 0
   6               	__zero_reg__ = 1
   7               		.text
   8               	.Ltext0:
   9               		.cfi_sections	.debug_frame
  10               	.global	keymaps
  11               		.section	.progmem.data.keymaps,"a",@progbits
  14               	keymaps:
  15 0000 2900      		.word	41
  16 0002 1464      		.word	25620
  17 0004 1A00      		.word	26
  18 0006 0800      		.word	8
  19 0008 1500      		.word	21
  20 000a 1700      		.word	23
  21 000c E000      		.word	224
  22 000e 0400      		.word	4
  23 0010 1600      		.word	22
  24 0012 0700      		.word	7
  25 0014 0900      		.word	9
  26 0016 0A00      		.word	10
  27 0018 E100      		.word	225
  28 001a 1D00      		.word	29
  29 001c 1B68      		.word	26651
  30 001e 0600      		.word	6
  31 0020 1943      		.word	17177
  32 0022 0542      		.word	16901
  33 0024 1C00      		.word	28
  34 0026 1800      		.word	24
  35 0028 0C00      		.word	12
  36 002a 1200      		.word	18
  37 002c 1300      		.word	19
  38 002e 2A00      		.word	42
  39 0030 0B00      		.word	11
  40 0032 0D00      		.word	13
  41 0034 0E00      		.word	14
  42 0036 0F00      		.word	15
  43 0038 2D00      		.word	45
  44 003a 2800      		.word	40
  45 003c 2C00      		.word	44
  46 003e 1141      		.word	16657
  47 0040 1000      		.word	16
  48 0042 3600      		.word	54
  49 0044 3700      		.word	55
  50 0046 2C00      		.word	44
  51 0048 2B00      		.word	43
  52 004a 1E00      		.word	30
  53 004c 1F00      		.word	31
  54 004e 2000      		.word	32
  55 0050 2100      		.word	33
  56 0052 2200      		.word	34
  57 0054 E000      		.word	224
  58 0056 1E02      		.word	542
  59 0058 1F02      		.word	543
  60 005a 2002      		.word	544
  61 005c 2102      		.word	545
  62 005e 2202      		.word	546
  63 0060 E100      		.word	225
  64 0062 0100      		.word	1
  65 0064 0100      		.word	1
  66 0066 0100      		.word	1
  67 0068 0100      		.word	1
  68 006a 0100      		.word	1
  69 006c 2300      		.word	35
  70 006e 2400      		.word	36
  71 0070 2500      		.word	37
  72 0072 2600      		.word	38
  73 0074 2700      		.word	39
  74 0076 2A00      		.word	42
  75 0078 2E02      		.word	558
  76 007a 2D00      		.word	45
  77 007c 2502      		.word	549
  78 007e 5400      		.word	84
  79 0080 2E00      		.word	46
  80 0082 2800      		.word	40
  81 0084 0100      		.word	1
  82 0086 0100      		.word	1
  83 0088 0100      		.word	1
  84 008a 0100      		.word	1
  85 008c 0100      		.word	1
  86 008e 2C00      		.word	44
  87 0090 2B00      		.word	43
  88 0092 3A00      		.word	58
  89 0094 3B00      		.word	59
  90 0096 3C00      		.word	60
  91 0098 3D00      		.word	61
  92 009a 3E00      		.word	62
  93 009c E000      		.word	224
  94 009e 2F00      		.word	47
  95 00a0 3000      		.word	48
  96 00a2 3100      		.word	49
  97 00a4 3300      		.word	51
  98 00a6 3302      		.word	563
  99 00a8 E100      		.word	225
 100 00aa 2D02      		.word	557
 101 00ac 3102      		.word	561
 102 00ae 2302      		.word	547
 103 00b0 3502      		.word	565
 104 00b2 0100      		.word	1
 105 00b4 3F00      		.word	63
 106 00b6 4000      		.word	64
 107 00b8 4100      		.word	65
 108 00ba 4200      		.word	66
 109 00bc 4300      		.word	67
 110 00be 2A00      		.word	42
 111 00c0 5000      		.word	80
 112 00c2 5100      		.word	81
 113 00c4 5200      		.word	82
 114 00c6 4F00      		.word	79
 115 00c8 3802      		.word	568
 116 00ca 2800      		.word	40
 117 00cc 0100      		.word	1
 118 00ce 0100      		.word	1
 119 00d0 0100      		.word	1
 120 00d2 0100      		.word	1
 121 00d4 0100      		.word	1
 122 00d6 2C00      		.word	44
 123 00d8 0100      		.word	1
 124 00da 0100      		.word	1
 125 00dc 0100      		.word	1
 126 00de 0100      		.word	1
 127 00e0 0100      		.word	1
 128 00e2 0100      		.word	1
 129 00e4 0100      		.word	1
 130 00e6 0100      		.word	1
 131 00e8 0100      		.word	1
 132 00ea 0100      		.word	1
 133 00ec 0100      		.word	1
 134 00ee 0100      		.word	1
 135 00f0 0100      		.word	1
 136 00f2 0100      		.word	1
 137 00f4 0100      		.word	1
 138 00f6 0100      		.word	1
 139 00f8 0100      		.word	1
 140 00fa 0100      		.word	1
 141 00fc 0100      		.word	1
 142 00fe 0100      		.word	1
 143 0100 0100      		.word	1
 144 0102 2602      		.word	550
 145 0104 2702      		.word	551
 146 0106 0100      		.word	1
 147 0108 0100      		.word	1
 148 010a 0100      		.word	1
 149 010c 0100      		.word	1
 150 010e 0100      		.word	1
 151 0110 0100      		.word	1
 152 0112 0100      		.word	1
 153 0114 0100      		.word	1
 154 0116 0100      		.word	1
 155 0118 0100      		.word	1
 156 011a 0100      		.word	1
 157 011c 0100      		.word	1
 158 011e 0100      		.word	1
 159               		.text
 160               	.Letext0:
 161               		.file 1 "/usr/lib/avr/include/stdint.h"
 162               		.file 2 "tmk_core/common/keycode.h"
 163               		.file 3 "tmk_core/common/action_code.h"
 164               		.file 4 "tmk_core/common/report.h"
 165               		.file 5 "quantum/quantum_keycodes.h"
 166               		.file 6 "keyboards/cool836A/keymaps/default/keymap.c"
 167               		.file 7 "tmk_core/common/action_util.h"
DEFINED SYMBOLS
                            *ABS*:0000000000000000 keymap.c
     /tmp/ccCDCFZX.s:2      *ABS*:000000000000003e __SP_H__
     /tmp/ccCDCFZX.s:3      *ABS*:000000000000003d __SP_L__
     /tmp/ccCDCFZX.s:4      *ABS*:000000000000003f __SREG__
     /tmp/ccCDCFZX.s:5      *ABS*:0000000000000000 __tmp_reg__
     /tmp/ccCDCFZX.s:6      *ABS*:0000000000000001 __zero_reg__
     /tmp/ccCDCFZX.s:14     .progmem.data.keymaps:0000000000000000 keymaps

NO UNDEFINED SYMBOLS
