   1               		.file	"led.c"
   2               	__SP_H__ = 0x3e
   3               	__SP_L__ = 0x3d
   4               	__SREG__ = 0x3f
   5               	__tmp_reg__ = 0
   6               	__zero_reg__ = 1
   7               		.text
   8               	.Ltext0:
   9               		.cfi_sections	.debug_frame
  10               		.section	.text.led_set_user,"ax",@progbits
  11               		.weak	led_set_user
  13               	led_set_user:
  14               	.LFB24:
  15               		.file 1 "quantum/led.c"
   1:quantum/led.c **** /* Copyright 2020 zvecr<git@zvecr.com>
   2:quantum/led.c ****  *
   3:quantum/led.c ****  * This program is free software: you can redistribute it and/or modify
   4:quantum/led.c ****  * it under the terms of the GNU General Public License as published by
   5:quantum/led.c ****  * the Free Software Foundation, either version 2 of the License, or
   6:quantum/led.c ****  * (at your option) any later version.
   7:quantum/led.c ****  *
   8:quantum/led.c ****  * This program is distributed in the hope that it will be useful,
   9:quantum/led.c ****  * but WITHOUT ANY WARRANTY; without even the implied warranty of
  10:quantum/led.c ****  * MERCHANTABILITY or FITNESS FOR A PARTICULAR PURPOSE.  See the
  11:quantum/led.c ****  * GNU General Public License for more details.
  12:quantum/led.c ****  *
  13:quantum/led.c ****  * You should have received a copy of the GNU General Public License
  14:quantum/led.c ****  * along with this program.  If not, see <http://www.gnu.org/licenses/>.
  15:quantum/led.c ****  */
  16:quantum/led.c **** #include "quantum.h"
  17:quantum/led.c **** 
  18:quantum/led.c **** #ifdef BACKLIGHT_ENABLE
  19:quantum/led.c **** #    include "backlight.h"
  20:quantum/led.c **** extern backlight_config_t backlight_config;
  21:quantum/led.c **** #else
  22:quantum/led.c **** // Cannot use BACKLIGHT_CAPS_LOCK without backlight being enabled
  23:quantum/led.c **** #    undef BACKLIGHT_CAPS_LOCK
  24:quantum/led.c **** #endif
  25:quantum/led.c **** 
  26:quantum/led.c **** #ifndef LED_PIN_ON_STATE
  27:quantum/led.c **** #    define LED_PIN_ON_STATE 1
  28:quantum/led.c **** #endif
  29:quantum/led.c **** 
  30:quantum/led.c **** #if defined(BACKLIGHT_CAPS_LOCK)
  31:quantum/led.c **** /** \brief Caps Lock indicator using backlight (for keyboards without dedicated LED)
  32:quantum/led.c ****  */
  33:quantum/led.c **** static void handle_backlight_caps_lock(led_t led_state) {
  34:quantum/led.c ****     // Use backlight as Caps Lock indicator
  35:quantum/led.c ****     uint8_t bl_toggle_lvl = 0;
  36:quantum/led.c **** 
  37:quantum/led.c ****     if (led_state.caps_lock && !backlight_config.enable) {
  38:quantum/led.c ****         // Turning Caps Lock ON and backlight is disabled in config
  39:quantum/led.c ****         // Toggling backlight to the brightest level
  40:quantum/led.c ****         bl_toggle_lvl = BACKLIGHT_LEVELS;
  41:quantum/led.c ****     } else if (!led_state.caps_lock && backlight_config.enable) {
  42:quantum/led.c ****         // Turning Caps Lock OFF and backlight is enabled in config
  43:quantum/led.c ****         // Toggling backlight and restoring config level
  44:quantum/led.c ****         bl_toggle_lvl = backlight_config.level;
  45:quantum/led.c ****     }
  46:quantum/led.c **** 
  47:quantum/led.c ****     // Set level without modify backlight_config to keep ability to restore state
  48:quantum/led.c ****     backlight_set(bl_toggle_lvl);
  49:quantum/led.c **** }
  50:quantum/led.c **** #endif
  51:quantum/led.c **** 
  52:quantum/led.c **** /** \brief Lock LED set callback - keymap/user level
  53:quantum/led.c ****  *
  54:quantum/led.c ****  * \deprecated Use led_update_user() instead.
  55:quantum/led.c ****  */
  56:quantum/led.c **** __attribute__((weak)) void led_set_user(uint8_t usb_led) {}
  16               		.loc 1 56 0
  17               		.cfi_startproc
  18               	.LVL0:
  19               	/* prologue: function */
  20               	/* frame size = 0 */
  21               	/* stack size = 0 */
  22               	.L__stack_usage = 0
  23 0000 0895      		ret
  24               		.cfi_endproc
  25               	.LFE24:
  27               		.section	.text.led_set_kb,"ax",@progbits
  28               		.weak	led_set_kb
  30               	led_set_kb:
  31               	.LFB25:
  57:quantum/led.c **** 
  58:quantum/led.c **** /** \brief Lock LED set callback - keyboard level
  59:quantum/led.c ****  *
  60:quantum/led.c ****  * \deprecated Use led_update_kb() instead.
  61:quantum/led.c ****  */
  62:quantum/led.c **** __attribute__((weak)) void led_set_kb(uint8_t usb_led) { led_set_user(usb_led); }
  32               		.loc 1 62 0
  33               		.cfi_startproc
  34               	.LVL1:
  35               	/* prologue: function */
  36               	/* frame size = 0 */
  37               	/* stack size = 0 */
  38               	.L__stack_usage = 0
  39               		.loc 1 62 0
  40 0000 0C94 0000 		jmp led_set_user
  41               	.LVL2:
  42               		.cfi_endproc
  43               	.LFE25:
  45               		.section	.text.led_update_user,"ax",@progbits
  46               		.weak	led_update_user
  48               	led_update_user:
  49               	.LFB26:
  63:quantum/led.c **** 
  64:quantum/led.c **** /** \brief Lock LED update callback - keymap/user level
  65:quantum/led.c ****  *
  66:quantum/led.c ****  * \return True if led_update_kb() should run its own code, false otherwise.
  67:quantum/led.c ****  */
  68:quantum/led.c **** __attribute__((weak)) bool led_update_user(led_t led_state) { return true; }
  50               		.loc 1 68 0
  51               		.cfi_startproc
  52               	.LVL3:
  53               	/* prologue: function */
  54               	/* frame size = 0 */
  55               	/* stack size = 0 */
  56               	.L__stack_usage = 0
  57               		.loc 1 68 0
  58 0000 81E0      		ldi r24,lo8(1)
  59               	.LVL4:
  60 0002 0895      		ret
  61               		.cfi_endproc
  62               	.LFE26:
  64               		.section	.text.led_update_kb,"ax",@progbits
  65               		.weak	led_update_kb
  67               	led_update_kb:
  68               	.LFB27:
  69:quantum/led.c **** 
  70:quantum/led.c **** /** \brief Lock LED update callback - keyboard level
  71:quantum/led.c ****  *
  72:quantum/led.c ****  * \return Ignored for now.
  73:quantum/led.c ****  */
  74:quantum/led.c **** __attribute__((weak)) bool led_update_kb(led_t led_state) {
  69               		.loc 1 74 0
  70               		.cfi_startproc
  71               	.LVL5:
  72               	/* prologue: function */
  73               	/* frame size = 0 */
  74               	/* stack size = 0 */
  75               	.L__stack_usage = 0
  75:quantum/led.c ****     bool res = led_update_user(led_state);
  76               		.loc 1 75 0
  77 0000 0C94 0000 		jmp led_update_user
  78               	.LVL6:
  79               		.cfi_endproc
  80               	.LFE27:
  82               		.section	.text.led_init_ports,"ax",@progbits
  83               		.weak	led_init_ports
  85               	led_init_ports:
  86               	.LFB28:
  76:quantum/led.c ****     if (res) {
  77:quantum/led.c **** #if defined(LED_NUM_LOCK_PIN) || defined(LED_CAPS_LOCK_PIN) || defined(LED_SCROLL_LOCK_PIN) || defi
  78:quantum/led.c **** #    if LED_PIN_ON_STATE == 0
  79:quantum/led.c ****         // invert the whole thing to avoid having to conditionally !led_state.x later
  80:quantum/led.c ****         led_state.raw = ~led_state.raw;
  81:quantum/led.c **** #    endif
  82:quantum/led.c **** 
  83:quantum/led.c **** #    ifdef LED_NUM_LOCK_PIN
  84:quantum/led.c ****         writePin(LED_NUM_LOCK_PIN, led_state.num_lock);
  85:quantum/led.c **** #    endif
  86:quantum/led.c **** #    ifdef LED_CAPS_LOCK_PIN
  87:quantum/led.c ****         writePin(LED_CAPS_LOCK_PIN, led_state.caps_lock);
  88:quantum/led.c **** #    endif
  89:quantum/led.c **** #    ifdef LED_SCROLL_LOCK_PIN
  90:quantum/led.c ****         writePin(LED_SCROLL_LOCK_PIN, led_state.scroll_lock);
  91:quantum/led.c **** #    endif
  92:quantum/led.c **** #    ifdef LED_COMPOSE_PIN
  93:quantum/led.c ****         writePin(LED_COMPOSE_PIN, led_state.compose);
  94:quantum/led.c **** #    endif
  95:quantum/led.c **** #    ifdef LED_KANA_PIN
  96:quantum/led.c ****         writePin(LED_KANA_PIN, led_state.kana);
  97:quantum/led.c **** #    endif
  98:quantum/led.c **** #endif
  99:quantum/led.c ****     }
 100:quantum/led.c ****     return res;
 101:quantum/led.c **** }
 102:quantum/led.c **** 
 103:quantum/led.c **** /** \brief Initialise any LED related hardware and/or state
 104:quantum/led.c ****  */
 105:quantum/led.c **** __attribute__((weak)) void led_init_ports(void) {
  87               		.loc 1 105 0
  88               		.cfi_startproc
  89               	/* prologue: function */
  90               	/* frame size = 0 */
  91               	/* stack size = 0 */
  92               	.L__stack_usage = 0
  93 0000 0895      		ret
  94               		.cfi_endproc
  95               	.LFE28:
  97               		.section	.text.led_set,"ax",@progbits
  98               		.weak	led_set
 100               	led_set:
 101               	.LFB29:
 106:quantum/led.c **** #ifdef LED_NUM_LOCK_PIN
 107:quantum/led.c ****     setPinOutput(LED_NUM_LOCK_PIN);
 108:quantum/led.c ****     writePin(LED_NUM_LOCK_PIN, !LED_PIN_ON_STATE);
 109:quantum/led.c **** #endif
 110:quantum/led.c **** #ifdef LED_CAPS_LOCK_PIN
 111:quantum/led.c ****     setPinOutput(LED_CAPS_LOCK_PIN);
 112:quantum/led.c ****     writePin(LED_CAPS_LOCK_PIN, !LED_PIN_ON_STATE);
 113:quantum/led.c **** #endif
 114:quantum/led.c **** #ifdef LED_SCROLL_LOCK_PIN
 115:quantum/led.c ****     setPinOutput(LED_SCROLL_LOCK_PIN);
 116:quantum/led.c ****     writePin(LED_SCROLL_LOCK_PIN, !LED_PIN_ON_STATE);
 117:quantum/led.c **** #endif
 118:quantum/led.c **** #ifdef LED_COMPOSE_PIN
 119:quantum/led.c ****     setPinOutput(LED_COMPOSE_PIN);
 120:quantum/led.c ****     writePin(LED_COMPOSE_PIN, !LED_PIN_ON_STATE);
 121:quantum/led.c **** #endif
 122:quantum/led.c **** #ifdef LED_KANA_PIN
 123:quantum/led.c ****     setPinOutput(LED_KANA_PIN);
 124:quantum/led.c ****     writePin(LED_KANA_PIN, !LED_PIN_ON_STATE);
 125:quantum/led.c **** #endif
 126:quantum/led.c **** }
 127:quantum/led.c **** 
 128:quantum/led.c **** /** \brief Entrypoint for protocol to LED binding
 129:quantum/led.c ****  */
 130:quantum/led.c **** __attribute__((weak)) void led_set(uint8_t usb_led) {
 102               		.loc 1 130 0
 103               		.cfi_startproc
 104               	.LVL7:
 105               		.loc 1 130 0
 106 0000 CF93      		push r28
 107               	.LCFI0:
 108               		.cfi_def_cfa_offset 3
 109               		.cfi_offset 28, -2
 110               	/* prologue: function */
 111               	/* frame size = 0 */
 112               	/* stack size = 1 */
 113               	.L__stack_usage = 1
 114 0002 C82F      		mov r28,r24
 131:quantum/led.c **** #ifdef BACKLIGHT_CAPS_LOCK
 132:quantum/led.c ****     handle_backlight_caps_lock((led_t)usb_led);
 133:quantum/led.c **** #endif
 134:quantum/led.c **** 
 135:quantum/led.c ****     led_set_kb(usb_led);
 115               		.loc 1 135 0
 116 0004 0E94 0000 		call led_set_kb
 117               	.LVL8:
 136:quantum/led.c ****     led_update_kb((led_t)usb_led);
 118               		.loc 1 136 0
 119 0008 8C2F      		mov r24,r28
 120 000a 0E94 0000 		call led_update_kb
 121               	.LVL9:
 122               	/* epilogue start */
 137:quantum/led.c **** }
 123               		.loc 1 137 0
 124 000e CF91      		pop r28
 125               	.LVL10:
 126 0010 0895      		ret
 127               		.cfi_endproc
 128               	.LFE29:
 130               		.text
 131               	.Letext0:
 132               		.file 2 "tmk_core/common/report.h"
 133               		.file 3 "/usr/lib/avr/include/stdint.h"
 134               		.file 4 "tmk_core/common/led.h"
 135               		.file 5 "tmk_core/common/action_util.h"
DEFINED SYMBOLS
                            *ABS*:0000000000000000 led.c
     /tmp/ccIQI1CF.s:2      *ABS*:000000000000003e __SP_H__
     /tmp/ccIQI1CF.s:3      *ABS*:000000000000003d __SP_L__
     /tmp/ccIQI1CF.s:4      *ABS*:000000000000003f __SREG__
     /tmp/ccIQI1CF.s:5      *ABS*:0000000000000000 __tmp_reg__
     /tmp/ccIQI1CF.s:6      *ABS*:0000000000000001 __zero_reg__
     /tmp/ccIQI1CF.s:13     .text.led_set_user:0000000000000000 led_set_user
     /tmp/ccIQI1CF.s:30     .text.led_set_kb:0000000000000000 led_set_kb
     /tmp/ccIQI1CF.s:48     .text.led_update_user:0000000000000000 led_update_user
     /tmp/ccIQI1CF.s:67     .text.led_update_kb:0000000000000000 led_update_kb
     /tmp/ccIQI1CF.s:85     .text.led_init_ports:0000000000000000 led_init_ports
     /tmp/ccIQI1CF.s:100    .text.led_set:0000000000000000 led_set

NO UNDEFINED SYMBOLS
